<?xml version="1.0" encoding="utf-8"?>
<TestRun id="48a55450-7e48-4d92-8e88-bd41e390498a" name="vladi@STUFF-LAB 2026-03-22 01:16:39" runUser="STUFF-LAB\vladi" xmlns="http://microsoft.com/schemas/VisualStudio/TeamTest/2010">
  <Times creation="2026-03-22T01:16:39.0736485+01:00" queuing="2026-03-22T01:16:39.0736492+01:00" start="2026-03-22T01:16:36.7475698+01:00" finish="2026-03-22T01:16:39.9177400+01:00" />
  <TestSettings name="default" id="27442bc0-875f-4641-b589-af3566b9c4f5">
    <Deployment runDeploymentRoot="vladi_STUFF-LAB_2026-03-22_01_16_39" />
  </TestSettings>
  <Results>
    <UnitTestResult executionId="f0c17606-0e2c-4639-8b36-ff2de283b84a" testId="bb4472b2-d2c0-69f1-d1ed-d801dc4bf14a" testName="BabylonArchiveCore.Tests.Session3PlayerCameraTests.Vec3_ScalarMultiply" computerName="STUFF-LAB" duration="00:00:00.0003234" startTime="2026-03-22T01:16:39.2361073+01:00" endTime="2026-03-22T01:16:39.2362190+01:00" testType="13cdc9d9-ddb5-4fa4-a97d-d965ccfc6d4b" outcome="Passed" testListId="8c84fa94-04c1-424b-9868-57a2d4851a1d" relativeResultsDirectory="f0c17606-0e2c-4639-8b36-ff2de283b84a" />
    <UnitTestResult executionId="9e76d12e-082f-402b-8430-f5d8654acff5" testId="2622fbb7-5c3f-dc5d-1475-416d6c0b9182" testName="BabylonArchiveCore.Tests.Session5ContentPipelineTests.A0ContentProvider_LoadDialogues_Returns6Dialogues" computerName="STUFF-LAB" duration="00:00:00.0040048" startTime="2026-03-22T01:16:39.4200715+01:00" endTime="2026-03-22T01:16:39.4222003+01:00" testType="13cdc9d9-ddb5-4fa4-a97d-d965ccfc6d4b" outcome="Passed" testListId="8c84fa94-04c1-424b-9868-57a2d4851a1d" relativeResultsDirectory="9e76d12e-082f-402b-8430-f5d8654acff5" />
    <UnitTestResult executionId="a13b5d4e-8261-430c-99e0-94cf7c4bcee8" testId="ff01b204-2868-bab7-37d5-ff4e52abd74d" testName="BabylonArchiveCore.Tests.Session8AcceptanceTests.V1Report_NiceHave_DebugToolsPass" computerName="STUFF-LAB" duration="00:00:00.0220980" startTime="2026-03-22T01:16:39.7108047+01:00" endTime="2026-03-22T01:16:39.7109686+01:00" testType="13cdc9d9-ddb5-4fa4-a97d-d965ccfc6d4b" outcome="Passed" testListId="8c84fa94-04c1-424b-9868-57a2d4851a1d" relativeResultsDirectory="a13b5d4e-8261-430c-99e0-94cf7c4bcee8" />
    <UnitTestResult executionId="e2116765-0ed7-4216-a4a8-8b016cabc4e6" testId="eccb55e7-276f-3330-3543-247391e726a0" testName="BabylonArchiveCore.Tests.Session7PresentationTests.PrologueRunner_StartsAsNotStarted" computerName="STUFF-LAB" duration="00:00:00.0028891" startTime="2026-03-22T01:16:39.5616574+01:00" endTime="2026-03-22T01:16:39.5784128+01:00" testType="13cdc9d9-ddb5-4fa4-a97d-d965ccfc6d4b" outcome="Passed" testListId="8c84fa94-04c1-424b-9868-57a2d4851a1d" relativeResultsDirectory="e2116765-0ed7-4216-a4a8-8b016cabc4e6" />
    <UnitTestResult executionId="1481eed1-1ce1-47fe-b9ea-5d390ec1c00f" testId="aebb5c98-cc27-fa4b-f2e1-a91a0b3edefa" testName="BabylonArchiveCore.Tests.Session5ContentPipelineTests.MapObjectId_AllObjects_Match(jsonId: &quot;OBJ_SUPPLY_TERMINAL&quot;, expected: &quot;supply_terminal&quot;)" computerName="STUFF-LAB" duration="00:00:00.0004276" startTime="2026-03-22T01:16:39.4135825+01:00" endTime="2026-03-22T01:16:39.4137252+01:00" testType="13cdc9d9-ddb5-4fa4-a97d-d965ccfc6d4b" outcome="Passed" testListId="8c84fa94-04c1-424b-9868-57a2d4851a1d" relativeResultsDirectory="1481eed1-1ce1-47fe-b9ea-5d390ec1c00f" />
    <UnitTestResult executionId="f995ec17-7470-43c5-bd3f-67b47fa1f23d" testId="3d657805-074b-d68d-dbfe-8b16b5f3da3c" testName="BabylonArchiveCore.Tests.Session7PresentationTests.ObjectiveHUD_GetProgress_ReturnsRatio" computerName="STUFF-LAB" duration="00:00:00.0197304" startTime="2026-03-22T01:16:39.5874030+01:00" endTime="2026-03-22T01:16:39.6046775+01:00" testType="13cdc9d9-ddb5-4fa4-a97d-d965ccfc6d4b" outcome="Passed" testListId="8c84fa94-04c1-424b-9868-57a2d4851a1d" relativeResultsDirectory="f995ec17-7470-43c5-bd3f-67b47fa1f23d" />
    <UnitTestResult executionId="5ee75d25-7981-458a-80e5-b684dff01cf0" testId="917f6012-6928-100d-61ce-1bdd65dbb833" testName="BabylonArchiveCore.Tests.Session5ContentPipelineTests.MapTriggers_PlayDialogue_SkipsNullDialogueId" computerName="STUFF-LAB" duration="00:00:00.0122570" startTime="2026-03-22T01:16:39.4477955+01:00" endTime="2026-03-22T01:16:39.4608086+01:00" testType="13cdc9d9-ddb5-4fa4-a97d-d965ccfc6d4b" outcome="Passed" testListId="8c84fa94-04c1-424b-9868-57a2d4851a1d" relativeResultsDirectory="5ee75d25-7981-458a-80e5-b684dff01cf0" />
    <UnitTestResult executionId="308becdd-22ef-4f78-bbfe-c6d2536e9b57" testId="0b4fe36f-a040-af8b-54a4-d36bca340372" testName="BabylonArchiveCore.Tests.Session5ContentPipelineTests.A0ContentProvider_LoadZones_Returns11Zones" computerName="STUFF-LAB" duration="00:00:00.0031558" startTime="2026-03-22T01:16:39.4616402+01:00" endTime="2026-03-22T01:16:39.4673080+01:00" testType="13cdc9d9-ddb5-4fa4-a97d-d965ccfc6d4b" outcome="Passed" testListId="8c84fa94-04c1-424b-9868-57a2d4851a1d" relativeResultsDirectory="308becdd-22ef-4f78-bbfe-c6d2536e9b57" />
    <UnitTestResult executionId="c8ac85a7-a4b8-4c2c-8042-069546220303" testId="6f8a7832-4886-387c-0ec4-f1fdb24cc9f9" testName="BabylonArchiveCore.Tests.DayTwoArchiveTests.ArchiveAddress_CanonicalFormat" computerName="STUFF-LAB" duration="00:00:00.0002293" startTime="2026-03-22T01:16:39.2198833+01:00" endTime="2026-03-22T01:16:39.2200019+01:00" testType="13cdc9d9-ddb5-4fa4-a97d-d965ccfc6d4b" outcome="Passed" testListId="8c84fa94-04c1-424b-9868-57a2d4851a1d" relativeResultsDirectory="c8ac85a7-a4b8-4c2c-8042-069546220303" />
    <UnitTestResult executionId="1e53cb11-4dcc-43c2-8876-752c10ca880f" testId="612f1c3e-07cf-2810-a3b2-6ecc35a05ef4" testName="BabylonArchiveCore.Tests.Session6IntegrationTests.Factory_Build_CustomPlayer" computerName="STUFF-LAB" duration="00:00:00.0035499" startTime="2026-03-22T01:16:39.5064119+01:00" endTime="2026-03-22T01:16:39.5177599+01:00" testType="13cdc9d9-ddb5-4fa4-a97d-d965ccfc6d4b" outcome="Passed" testListId="8c84fa94-04c1-424b-9868-57a2d4851a1d" relativeResultsDirectory="1e53cb11-4dcc-43c2-8876-752c10ca880f" />
    <UnitTestResult executionId="82515309-d7ed-47df-bccf-03bfa58d3cf2" testId="5521b40a-de4d-0c18-c31f-aeb2c62e9d4f" testName="BabylonArchiveCore.Tests.Session5ContentPipelineTests.ContentPipeline_FullPrologue_WorksEndToEnd" computerName="STUFF-LAB" duration="00:00:00.0398843" startTime="2026-03-22T01:16:39.3702430+01:00" endTime="2026-03-22T01:16:39.4103627+01:00" testType="13cdc9d9-ddb5-4fa4-a97d-d965ccfc6d4b" outcome="Passed" testListId="8c84fa94-04c1-424b-9868-57a2d4851a1d" relativeResultsDirectory="82515309-d7ed-47df-bccf-03bfa58d3cf2" />
    <UnitTestResult executionId="9fc83c87-e0ca-45be-80ef-0dce9644d607" testId="7a0c3f5e-d200-ea4f-f9f7-29728a1c0f94" testName="BabylonArchiveCore.Tests.Session4InteractivesTests.InteractionHandler_PhaseAdvance_FiresTrigger" computerName="STUFF-LAB" duration="00:00:00.0011789" startTime="2026-03-22T01:16:39.5007633+01:00" endTime="2026-03-22T01:16:39.5009614+01:00" testType="13cdc9d9-ddb5-4fa4-a97d-d965ccfc6d4b" outcome="Passed" testListId="8c84fa94-04c1-424b-9868-57a2d4851a1d" relativeResultsDirectory="9fc83c87-e0ca-45be-80ef-0dce9644d607" />
    <UnitTestResult executionId="769cf059-f6d4-47ce-8911-4bf9b9cad6c4" testId="c3afba72-77c3-4672-e511-0448577d4e85" testName="BabylonArchiveCore.Tests.Session4InteractivesTests.InteractiveType_ValuesMatch(type: Terminal, expected: 1)" computerName="STUFF-LAB" duration="00:00:00.0001814" startTime="2026-03-22T01:16:39.5012234+01:00" endTime="2026-03-22T01:16:39.5013656+01:00" testType="13cdc9d9-ddb5-4fa4-a97d-d965ccfc6d4b" outcome="Passed" testListId="8c84fa94-04c1-424b-9868-57a2d4851a1d" relativeResultsDirectory="769cf059-f6d4-47ce-8911-4bf9b9cad6c4" />
    <UnitTestResult executionId="97bcd9b4-3a78-42a6-88ca-f05316253208" testId="bb769489-47b9-b5c7-375b-61390f3dda9c" testName="BabylonArchiveCore.Tests.DaySevenEconomyTests.BalanceChecker_ValidMission_Passes" computerName="STUFF-LAB" duration="00:00:00.0011484" startTime="2026-03-22T01:16:39.6031090+01:00" endTime="2026-03-22T01:16:39.6041781+01:00" testType="13cdc9d9-ddb5-4fa4-a97d-d965ccfc6d4b" outcome="Passed" testListId="8c84fa94-04c1-424b-9868-57a2d4851a1d" relativeResultsDirectory="97bcd9b4-3a78-42a6-88ca-f05316253208" />
    <UnitTestResult executionId="12c640ee-1917-4d8f-a8bb-58b66954403b" testId="dee4318c-1de3-35ad-2314-6d8572e3fa8e" testName="BabylonArchiveCore.Tests.DaySevenEconomyTests.WalletRuntime_Earn_PublishesEvent" computerName="STUFF-LAB" duration="00:00:00.0167001" startTime="2026-03-22T01:16:39.6395233+01:00" endTime="2026-03-22T01:16:39.6562718+01:00" testType="13cdc9d9-ddb5-4fa4-a97d-d965ccfc6d4b" outcome="Passed" testListId="8c84fa94-04c1-424b-9868-57a2d4851a1d" relativeResultsDirectory="12c640ee-1917-4d8f-a8bb-58b66954403b" />
    <UnitTestResult executionId="41bbcc6c-aee7-4e31-8269-93159b1cf49f" testId="4cddd5b8-c120-a6c1-5b2a-b09bc263f57d" testName="BabylonArchiveCore.Tests.DaySixProgressionTests.AwardXp_BelowThreshold_NoLevelUp" computerName="STUFF-LAB" duration="00:00:00.0003441" startTime="2026-03-22T01:16:39.0241143+01:00" endTime="2026-03-22T01:16:39.0242288+01:00" testType="13cdc9d9-ddb5-4fa4-a97d-d965ccfc6d4b" outcome="Passed" testListId="8c84fa94-04c1-424b-9868-57a2d4851a1d" relativeResultsDirectory="41bbcc6c-aee7-4e31-8269-93159b1cf49f" />
    <UnitTestResult executionId="1e6c1205-2642-49a2-9812-e8f89ad7a28d" testId="9304df8d-c62d-3452-3737-c1ce9d63e14a" testName="BabylonArchiveCore.Tests.Session3PlayerCameraTests.Vec3_Length_IsCorrect" computerName="STUFF-LAB" duration="00:00:00.0001782" startTime="2026-03-22T01:16:39.2380855+01:00" endTime="2026-03-22T01:16:39.2494694+01:00" testType="13cdc9d9-ddb5-4fa4-a97d-d965ccfc6d4b" outcome="Passed" testListId="8c84fa94-04c1-424b-9868-57a2d4851a1d" relativeResultsDirectory="1e6c1205-2642-49a2-9812-e8f89ad7a28d" />
    <UnitTestResult executionId="64672ff3-c2b6-4095-8ec9-41564aa0be68" testId="a7d9d248-48b0-6a58-0d49-fe9dd30cbacd" testName="BabylonArchiveCore.Tests.Session3PlayerCameraTests.CameraController_Toggle_SwitchesMode" computerName="STUFF-LAB" duration="00:00:00.0079648" startTime="2026-03-22T01:16:39.2526995+01:00" endTime="2026-03-22T01:16:39.2561400+01:00" testType="13cdc9d9-ddb5-4fa4-a97d-d965ccfc6d4b" outcome="Passed" testListId="8c84fa94-04c1-424b-9868-57a2d4851a1d" relativeResultsDirectory="64672ff3-c2b6-4095-8ec9-41564aa0be68" />
    <UnitTestResult executionId="c1292822-e19e-43c2-8e48-374017c3f38d" testId="de2e511d-93d5-064a-4d13-0a9977d3b0fb" testName="BabylonArchiveCore.Tests.DayFiveNarrativeTests.Dialogue_SkillCheckFail_DoesNotTransition" computerName="STUFF-LAB" duration="00:00:00.0186265" startTime="2026-03-22T01:16:39.4081198+01:00" endTime="2026-03-22T01:16:39.4248906+01:00" testType="13cdc9d9-ddb5-4fa4-a97d-d965ccfc6d4b" outcome="Passed" testListId="8c84fa94-04c1-424b-9868-57a2d4851a1d" relativeResultsDirectory="c1292822-e19e-43c2-8e48-374017c3f38d" />
    <UnitTestResult executionId="072eb384-e8fb-45af-91fa-7d5a3a12b9aa" testId="5a054ad0-027a-a4cc-dbf6-1af121397d07" testName="BabylonArchiveCore.Tests.Session4InteractivesTests.TerminalScreen_DialogueId_Optional" computerName="STUFF-LAB" duration="00:00:00.0003359" startTime="2026-03-22T01:16:39.5340842+01:00" endTime="2026-03-22T01:16:39.5341910+01:00" testType="13cdc9d9-ddb5-4fa4-a97d-d965ccfc6d4b" outcome="Passed" testListId="8c84fa94-04c1-424b-9868-57a2d4851a1d" relativeResultsDirectory="072eb384-e8fb-45af-91fa-7d5a3a12b9aa" />
    <UnitTestResult executionId="281b2649-7a6a-4114-a815-1dd6579fef84" testId="d48da7e8-8cf5-bc1a-e433-795ad8edd859" testName="BabylonArchiveCore.Tests.Session5ContentPipelineTests.MapObjectId_AllObjects_Match(jsonId: &quot;OBJ_BIO_SCANNER&quot;, expected: &quot;bio_scanner&quot;)" computerName="STUFF-LAB" duration="00:00:00.0000050" startTime="2026-03-22T01:16:39.4144842+01:00" endTime="2026-03-22T01:16:39.4147253+01:00" testType="13cdc9d9-ddb5-4fa4-a97d-d965ccfc6d4b" outcome="Passed" testListId="8c84fa94-04c1-424b-9868-57a2d4851a1d" relativeResultsDirectory="281b2649-7a6a-4114-a815-1dd6579fef84" />
    <UnitTestResult executionId="857f0f7c-6658-4b42-8aa5-e8a10944be15" testId="483daf56-6585-5f9e-4cee-bd3ede3cdb83" testName="BabylonArchiveCore.Tests.Session6IntegrationTests.Factory_Build_LoadsZonesFromJson" computerName="STUFF-LAB" duration="00:00:00.0208938" startTime="2026-03-22T01:16:39.3775074+01:00" endTime="2026-03-22T01:16:39.4082667+01:00" testType="13cdc9d9-ddb5-4fa4-a97d-d965ccfc6d4b" outcome="Passed" testListId="8c84fa94-04c1-424b-9868-57a2d4851a1d" relativeResultsDirectory="857f0f7c-6658-4b42-8aa5-e8a10944be15" />
    <UnitTestResult executionId="b818aa57-5b19-40ff-bbe6-d5de7cf12f57" testId="486bd9e6-b6a3-a117-a052-28d328fafb5d" testName="BabylonArchiveCore.Tests.Session5ContentPipelineTests.MapType_AllTypes_Match(typeName: &quot;terminal&quot;, expected: Terminal)" computerName="STUFF-LAB" duration="00:00:00.0000181" startTime="2026-03-22T01:16:39.4300012+01:00" endTime="2026-03-22T01:16:39.4301041+01:00" testType="13cdc9d9-ddb5-4fa4-a97d-d965ccfc6d4b" outcome="Passed" testListId="8c84fa94-04c1-424b-9868-57a2d4851a1d" relativeResultsDirectory="b818aa57-5b19-40ff-bbe6-d5de7cf12f57" />
    <UnitTestResult executionId="5b46eb7d-05b0-4b5d-b525-46f603e18a87" testId="065258d4-61d3-2691-d933-1e969db7db60" testName="BabylonArchiveCore.Tests.Session3PlayerCameraTests.CameraController_SnapTo_MovesInstantly" computerName="STUFF-LAB" duration="00:00:00.0005964" startTime="2026-03-22T01:16:39.2511536+01:00" endTime="2026-03-22T01:16:39.2512671+01:00" testType="13cdc9d9-ddb5-4fa4-a97d-d965ccfc6d4b" outcome="Passed" testListId="8c84fa94-04c1-424b-9868-57a2d4851a1d" relativeResultsDirectory="5b46eb7d-05b0-4b5d-b525-46f603e18a87" />
    <UnitTestResult executionId="1b72018b-8a7d-454c-be75-5a038f0043cc" testId="3f3396c9-8ecc-abda-a6b6-252761a8c272" testName="BabylonArchiveCore.Tests.DayFourMissionTests.Mission_ChoiceNavigatesToNextNode" computerName="STUFF-LAB" duration="00:00:00.0004451" startTime="2026-03-22T01:16:39.3070058+01:00" endTime="2026-03-22T01:16:39.3078238+01:00" testType="13cdc9d9-ddb5-4fa4-a97d-d965ccfc6d4b" outcome="Passed" testListId="8c84fa94-04c1-424b-9868-57a2d4851a1d" relativeResultsDirectory="1b72018b-8a7d-454c-be75-5a038f0043cc" />
    <UnitTestResult executionId="18b36fe9-e8bd-4142-b5d5-e720955346b6" testId="e9f17db0-377a-a4ab-8263-3cc139e2846a" testName="BabylonArchiveCore.Tests.Session8537OperationLaunchTests.Evaluate_Denies_WhenAlreadyActive" computerName="STUFF-LAB" duration="00:00:00.0003418" startTime="2026-03-22T01:16:39.4881452+01:00" endTime="2026-03-22T01:16:39.4882523+01:00" testType="13cdc9d9-ddb5-4fa4-a97d-d965ccfc6d4b" outcome="Passed" testListId="8c84fa94-04c1-424b-9868-57a2d4851a1d" relativeResultsDirectory="18b36fe9-e8bd-4142-b5d5-e720955346b6" />
    <UnitTestResult executionId="70a9c96a-dbfa-4c69-ba81-3ba4fc8178cb" testId="f4866da6-1af1-0be6-d067-3fbc30d85952" testName="BabylonArchiveCore.Tests.Session3PlayerCameraTests.GameplaySession_Interaction_AtCapsule" computerName="STUFF-LAB" duration="00:00:00.0014032" startTime="2026-03-22T01:16:39.2832943+01:00" endTime="2026-03-22T01:16:39.2834023+01:00" testType="13cdc9d9-ddb5-4fa4-a97d-d965ccfc6d4b" outcome="Passed" testListId="8c84fa94-04c1-424b-9868-57a2d4851a1d" relativeResultsDirectory="70a9c96a-dbfa-4c69-ba81-3ba4fc8178cb" />
    <UnitTestResult executionId="b8843813-d739-4fba-ab84-44b1a6c8daef" testId="cd0fce60-f740-d511-6561-37c56cc54909" testName="BabylonArchiveCore.Tests.Session7PresentationTests.Cutscene_Play_SetsIsPlaying" computerName="STUFF-LAB" duration="00:00:00.0005834" startTime="2026-03-22T01:16:39.5860056+01:00" endTime="2026-03-22T01:16:39.5860989+01:00" testType="13cdc9d9-ddb5-4fa4-a97d-d965ccfc6d4b" outcome="Passed" testListId="8c84fa94-04c1-424b-9868-57a2d4851a1d" relativeResultsDirectory="b8843813-d739-4fba-ab84-44b1a6c8daef" />
    <UnitTestResult executionId="91948b4a-7831-47c8-a1fd-ce8c23d5b20b" testId="42fbc24d-0ef3-a8d9-9006-5cd2328507ec" testName="BabylonArchiveCore.Tests.DaySevenEconomyTests.WalletRuntime_TrySpend_Succeeds" computerName="STUFF-LAB" duration="00:00:00.0037914" startTime="2026-03-22T01:16:39.6128081+01:00" endTime="2026-03-22T01:16:39.6176832+01:00" testType="13cdc9d9-ddb5-4fa4-a97d-d965ccfc6d4b" outcome="Passed" testListId="8c84fa94-04c1-424b-9868-57a2d4851a1d" relativeResultsDirectory="91948b4a-7831-47c8-a1fd-ce8c23d5b20b" />
    <UnitTestResult executionId="df0b80be-4955-4336-b314-1538a0c26caa" testId="97acc091-4cd8-2e34-aa38-e06567883d5f" testName="BabylonArchiveCore.Tests.DayFourMissionTests.Mission_InvalidChoiceReturnsFalse" computerName="STUFF-LAB" duration="00:00:00.0003619" startTime="2026-03-22T01:16:39.2921819+01:00" endTime="2026-03-22T01:16:39.3052905+01:00" testType="13cdc9d9-ddb5-4fa4-a97d-d965ccfc6d4b" outcome="Passed" testListId="8c84fa94-04c1-424b-9868-57a2d4851a1d" relativeResultsDirectory="df0b80be-4955-4336-b314-1538a0c26caa" />
    <UnitTestResult executionId="e8fc6213-37f5-478f-89c1-94ef4a714f98" testId="2d65b967-f12b-cc5c-2e73-6aa9c82731ed" testName="BabylonArchiveCore.Tests.Session4InteractivesTests.ObjectiveTracker_Cannot_Activate_Already_Active" computerName="STUFF-LAB" duration="00:00:00.0098591" startTime="2026-03-22T01:16:39.4956257+01:00" endTime="2026-03-22T01:16:39.4957692+01:00" testType="13cdc9d9-ddb5-4fa4-a97d-d965ccfc6d4b" outcome="Passed" testListId="8c84fa94-04c1-424b-9868-57a2d4851a1d" relativeResultsDirectory="e8fc6213-37f5-478f-89c1-94ef4a714f98" />
    <UnitTestResult executionId="35b9798c-cafd-4eac-8f11-4c8537166879" testId="55c41894-7e80-d9d6-8579-06135ec413db" testName="BabylonArchiveCore.Tests.Session5ContentPipelineTests.MapType_AllTypes_Match(typeName: &quot;trigger&quot;, expected: Trigger)" computerName="STUFF-LAB" duration="00:00:00.0000077" startTime="2026-03-22T01:16:39.4440519+01:00" endTime="2026-03-22T01:16:39.4447181+01:00" testType="13cdc9d9-ddb5-4fa4-a97d-d965ccfc6d4b" outcome="Passed" testListId="8c84fa94-04c1-424b-9868-57a2d4851a1d" relativeResultsDirectory="35b9798c-cafd-4eac-8f11-4c8537166879" />
    <UnitTestResult executionId="7f3aeb37-cbfe-4c80-8fe7-abfc0880972f" testId="df01892e-540d-198f-7e98-5c327fbfa59d" testName="BabylonArchiveCore.Tests.Session4InteractivesTests.DialoguePlayer_CurrentDialogueId" computerName="STUFF-LAB" duration="00:00:00.0009452" startTime="2026-03-22T01:16:39.4983082+01:00" endTime="2026-03-22T01:16:39.4987981+01:00" testType="13cdc9d9-ddb5-4fa4-a97d-d965ccfc6d4b" outcome="Passed" testListId="8c84fa94-04c1-424b-9868-57a2d4851a1d" relativeResultsDirectory="7f3aeb37-cbfe-4c80-8fe7-abfc0880972f" />
    <UnitTestResult executionId="084f6d78-d83f-4803-8371-11b70d73f237" testId="59f09ba1-14d1-e9b2-82e6-b9786fa6542c" testName="BabylonArchiveCore.Tests.Session5ContentPipelineTests.PrologueTracker_MandatoryCompleted_TracksCorrectly" computerName="STUFF-LAB" duration="00:00:00.0004601" startTime="2026-03-22T01:16:39.4782695+01:00" endTime="2026-03-22T01:16:39.4784403+01:00" testType="13cdc9d9-ddb5-4fa4-a97d-d965ccfc6d4b" outcome="Passed" testListId="8c84fa94-04c1-424b-9868-57a2d4851a1d" relativeResultsDirectory="084f6d78-d83f-4803-8371-11b70d73f237" />
    <UnitTestResult executionId="0e3f593e-2af6-4185-bbe1-ec6b3f699364" testId="82c169cd-3316-f136-c482-b5839be840a5" testName="BabylonArchiveCore.Tests.Session2GeometryTests.SceneBuilder_BuildFloor_22x11" computerName="STUFF-LAB" duration="00:00:00.0002659" startTime="2026-03-22T01:16:39.2049685+01:00" endTime="2026-03-22T01:16:39.2050873+01:00" testType="13cdc9d9-ddb5-4fa4-a97d-d965ccfc6d4b" outcome="Passed" testListId="8c84fa94-04c1-424b-9868-57a2d4851a1d" relativeResultsDirectory="0e3f593e-2af6-4185-bbe1-ec6b3f699364" />
    <UnitTestResult executionId="2b736767-d7c3-475f-8264-0b314dcea627" testId="b12d54f3-abfb-19f1-9dbc-67fa90c3e90a" testName="BabylonArchiveCore.Tests.DaySevenEconomyTests.Wallet_Earn_IncreasesBalance" computerName="STUFF-LAB" duration="00:00:00.0146836" startTime="2026-03-22T01:16:39.5845210+01:00" endTime="2026-03-22T01:16:39.5875264+01:00" testType="13cdc9d9-ddb5-4fa4-a97d-d965ccfc6d4b" outcome="Passed" testListId="8c84fa94-04c1-424b-9868-57a2d4851a1d" relativeResultsDirectory="2b736767-d7c3-475f-8264-0b314dcea627" />
    <UnitTestResult executionId="9e0a7fde-7859-4676-81fa-d966af4081f1" testId="de8992e0-1f75-f104-1d58-1f1f5ba9997f" testName="BabylonArchiveCore.Tests.Session3PlayerCameraTests.CameraProfile_Default25D_IsIsometric" computerName="STUFF-LAB" duration="00:00:00.0003858" startTime="2026-03-22T01:16:39.2665320+01:00" endTime="2026-03-22T01:16:39.2666584+01:00" testType="13cdc9d9-ddb5-4fa4-a97d-d965ccfc6d4b" outcome="Passed" testListId="8c84fa94-04c1-424b-9868-57a2d4851a1d" relativeResultsDirectory="9e0a7fde-7859-4676-81fa-d966af4081f1" />
    <UnitTestResult executionId="6cb54e1d-971e-47e3-a6b6-0d8b79338041" testId="08a1b465-18bb-905d-e25d-03299ecd9bbd" testName="BabylonArchiveCore.Tests.DaySixProgressionTests.CollectFragment_NewFragment_ReturnsTrue" computerName="STUFF-LAB" duration="00:00:00.0003141" startTime="2026-03-22T01:16:39.0468096+01:00" endTime="2026-03-22T01:16:39.0469340+01:00" testType="13cdc9d9-ddb5-4fa4-a97d-d965ccfc6d4b" outcome="Passed" testListId="8c84fa94-04c1-424b-9868-57a2d4851a1d" relativeResultsDirectory="6cb54e1d-971e-47e3-a6b6-0d8b79338041" />
    <UnitTestResult executionId="b228a99c-46d8-46b3-a125-4983c607b1f8" testId="20ae670d-2760-465d-d6ac-db4e489e4e75" testName="BabylonArchiveCore.Tests.Session7PresentationTests.Hint_Update_UnknownIdClearsHint" computerName="STUFF-LAB" duration="00:00:00.0149096" startTime="2026-03-22T01:16:38.7641070+01:00" endTime="2026-03-22T01:16:38.8051300+01:00" testType="13cdc9d9-ddb5-4fa4-a97d-d965ccfc6d4b" outcome="Passed" testListId="8c84fa94-04c1-424b-9868-57a2d4851a1d" relativeResultsDirectory="b228a99c-46d8-46b3-a125-4983c607b1f8" />
    <UnitTestResult executionId="c73d787e-11e5-4562-b845-a92deb3316fc" testId="3463fe36-e981-eb04-4b48-375d310860f1" testName="BabylonArchiveCore.Tests.Session2GeometryTests.OctagonalFloor_Has8Vertices" computerName="STUFF-LAB" duration="00:00:00.0002412" startTime="2026-03-22T01:16:39.2152929+01:00" endTime="2026-03-22T01:16:39.2154078+01:00" testType="13cdc9d9-ddb5-4fa4-a97d-d965ccfc6d4b" outcome="Passed" testListId="8c84fa94-04c1-424b-9868-57a2d4851a1d" relativeResultsDirectory="c73d787e-11e5-4562-b845-a92deb3316fc" />
    <UnitTestResult executionId="1f43deda-2b06-47f1-8202-909e2916f493" testId="3e4f900a-d4b6-8d8f-9c70-690110bc0cca" testName="BabylonArchiveCore.Tests.Session4InteractivesTests.InteractableObject_CanSetInteractiveType" computerName="STUFF-LAB" duration="00:00:00.0004732" startTime="2026-03-22T01:16:39.6561115+01:00" endTime="2026-03-22T01:16:39.6612831+01:00" testType="13cdc9d9-ddb5-4fa4-a97d-d965ccfc6d4b" outcome="Passed" testListId="8c84fa94-04c1-424b-9868-57a2d4851a1d" relativeResultsDirectory="1f43deda-2b06-47f1-8202-909e2916f493" />
    <UnitTestResult executionId="a807e776-704b-4e03-a9d5-b4e4c12e7c62" testId="8c611e2c-ff98-b9ea-3e44-19d7ca2c59be" testName="BabylonArchiveCore.Tests.DayFourMissionTests.Mission_SuccessEffectReturned" computerName="STUFF-LAB" duration="00:00:00.0004101" startTime="2026-03-22T01:16:39.3366594+01:00" endTime="2026-03-22T01:16:39.3367740+01:00" testType="13cdc9d9-ddb5-4fa4-a97d-d965ccfc6d4b" outcome="Passed" testListId="8c84fa94-04c1-424b-9868-57a2d4851a1d" relativeResultsDirectory="a807e776-704b-4e03-a9d5-b4e4c12e7c62" />
    <UnitTestResult executionId="81a75da5-2ae0-466f-a9af-7273b457f9a3" testId="9b6e64a4-4e11-1e69-ce3e-689e5d2e316b" testName="BabylonArchiveCore.Tests.Session3PlayerCameraTests.InputMap_Default_HasCameraToggle" computerName="STUFF-LAB" duration="00:00:00.0119252" startTime="2026-03-22T01:16:39.2911730+01:00" endTime="2026-03-22T01:16:39.3415068+01:00" testType="13cdc9d9-ddb5-4fa4-a97d-d965ccfc6d4b" outcome="Passed" testListId="8c84fa94-04c1-424b-9868-57a2d4851a1d" relativeResultsDirectory="81a75da5-2ae0-466f-a9af-7273b457f9a3" />
    <UnitTestResult executionId="d19cb1d3-94bf-4b35-8ea9-fc06745092a7" testId="59acc0cc-dc9f-0fb2-e836-8320912edc56" testName="BabylonArchiveCore.Tests.Session5ContentPipelineTests.OperatorIdentity_InteractionXp_ContainsAllObjects" computerName="STUFF-LAB" duration="00:00:00.0003827" startTime="2026-03-22T01:16:39.4273228+01:00" endTime="2026-03-22T01:16:39.4274279+01:00" testType="13cdc9d9-ddb5-4fa4-a97d-d965ccfc6d4b" outcome="Passed" testListId="8c84fa94-04c1-424b-9868-57a2d4851a1d" relativeResultsDirectory="d19cb1d3-94bf-4b35-8ea9-fc06745092a7" />
    <UnitTestResult executionId="40c09cf9-8e57-4c81-b551-43c23e235407" testId="ca976208-c526-b14b-2c0e-782b3c9a05bb" testName="BabylonArchiveCore.Tests.Session8AcceptanceTests.SmokeTest_Run_HasCutsceneFrames" computerName="STUFF-LAB" duration="00:00:00.0051732" startTime="2026-03-22T01:16:39.6995638+01:00" endTime="2026-03-22T01:16:39.7000336+01:00" testType="13cdc9d9-ddb5-4fa4-a97d-d965ccfc6d4b" outcome="Passed" testListId="8c84fa94-04c1-424b-9868-57a2d4851a1d" relativeResultsDirectory="40c09cf9-8e57-4c81-b551-43c23e235407" />
    <UnitTestResult executionId="cb590303-befa-402c-abfa-fafec3c98c5b" testId="9d3a42cb-4d31-4dc3-d0d4-09f2f51909f8" testName="BabylonArchiveCore.Tests.DaySevenEconomyTests.Store_Purchase_Launs_ForConvenience_Succeeds" computerName="STUFF-LAB" duration="00:00:00.0003888" startTime="2026-03-22T01:16:39.6605060+01:00" endTime="2026-03-22T01:16:39.6617714+01:00" testType="13cdc9d9-ddb5-4fa4-a97d-d965ccfc6d4b" outcome="Passed" testListId="8c84fa94-04c1-424b-9868-57a2d4851a1d" relativeResultsDirectory="cb590303-befa-402c-abfa-fafec3c98c5b" />
    <UnitTestResult executionId="cd469d52-3489-42f5-8f28-969003cfb8c6" testId="1efd6a4b-9b2b-2a4e-436f-12830b28fa2a" testName="BabylonArchiveCore.Tests.DayTwoArchiveTests.Generator_ProducesConnectedGraph_TwoTiers" computerName="STUFF-LAB" duration="00:00:00.0224475" startTime="2026-03-22T01:16:39.2206178+01:00" endTime="2026-03-22T01:16:39.2227114+01:00" testType="13cdc9d9-ddb5-4fa4-a97d-d965ccfc6d4b" outcome="Passed" testListId="8c84fa94-04c1-424b-9868-57a2d4851a1d" relativeResultsDirectory="cd469d52-3489-42f5-8f28-969003cfb8c6" />
    <UnitTestResult executionId="d8304d9c-899a-429a-91df-4754a0d34fb4" testId="3a30576c-47e5-f2d8-d552-15f0d7cf23e5" testName="BabylonArchiveCore.Tests.Session7PresentationTests.PrologueRunner_RunToCompletion_CutsceneFramesFirst" computerName="STUFF-LAB" duration="00:00:00.0056400" startTime="2026-03-22T01:16:39.5522195+01:00" endTime="2026-03-22T01:16:39.5612860+01:00" testType="13cdc9d9-ddb5-4fa4-a97d-d965ccfc6d4b" outcome="Passed" testListId="8c84fa94-04c1-424b-9868-57a2d4851a1d" relativeResultsDirectory="d8304d9c-899a-429a-91df-4754a0d34fb4" />
    <UnitTestResult executionId="c6bf248f-b38e-4acd-aade-1d99c2dbe82d" testId="24a8ccab-64ba-69f5-b2b0-98c5e1ec55c3" testName="BabylonArchiveCore.Tests.Session8AcceptanceTests.V1Report_SkippedCriteria_AreVisualOnly" computerName="STUFF-LAB" duration="00:00:00.0152559" startTime="2026-03-22T01:16:39.7046223+01:00" endTime="2026-03-22T01:16:39.7054241+01:00" testType="13cdc9d9-ddb5-4fa4-a97d-d965ccfc6d4b" outcome="Passed" testListId="8c84fa94-04c1-424b-9868-57a2d4851a1d" relativeResultsDirectory="c6bf248f-b38e-4acd-aade-1d99c2dbe82d" />
    <UnitTestResult executionId="a0f40e1b-2900-442c-8fb1-86a435ecec7d" testId="f251bf5e-0318-912a-5b4d-17fbdd07ccf0" testName="BabylonArchiveCore.Tests.Session5ContentPipelineTests.MapObject_SetsAllProperties" computerName="STUFF-LAB" duration="00:00:00.0012010" startTime="2026-03-22T01:16:39.6714363+01:00" endTime="2026-03-22T01:16:39.6722467+01:00" testType="13cdc9d9-ddb5-4fa4-a97d-d965ccfc6d4b" outcome="Passed" testListId="8c84fa94-04c1-424b-9868-57a2d4851a1d" relativeResultsDirectory="a0f40e1b-2900-442c-8fb1-86a435ecec7d" />
    <UnitTestResult executionId="cee987c8-0bee-4e1f-ad74-e88a7690a69c" testId="faa31ce3-c091-879e-ef38-41523640410a" testName="BabylonArchiveCore.Tests.DaySixProgressionTests.BalanceCurve_RecommendedLevelForTome_Scaling" computerName="STUFF-LAB" duration="00:00:00.0005576" startTime="2026-03-22T01:16:39.0217152+01:00" endTime="2026-03-22T01:16:39.0218344+01:00" testType="13cdc9d9-ddb5-4fa4-a97d-d965ccfc6d4b" outcome="Passed" testListId="8c84fa94-04c1-424b-9868-57a2d4851a1d" relativeResultsDirectory="cee987c8-0bee-4e1f-ad74-e88a7690a69c" />
    <UnitTestResult executionId="ecb5ecfe-e281-45a5-8b34-3ad2b101abdd" testId="aea9e6db-7b10-2dc2-ad2e-e370dd424c24" testName="BabylonArchiveCore.Tests.DaySixProgressionTests.UnlockPerk_MeetsRequirements_Succeeds" computerName="STUFF-LAB" duration="00:00:00.0012574" startTime="2026-03-22T01:16:39.0872326+01:00" endTime="2026-03-22T01:16:39.0874333+01:00" testType="13cdc9d9-ddb5-4fa4-a97d-d965ccfc6d4b" outcome="Passed" testListId="8c84fa94-04c1-424b-9868-57a2d4851a1d" relativeResultsDirectory="ecb5ecfe-e281-45a5-8b34-3ad2b101abdd" />
    <UnitTestResult executionId="88b87bc4-072a-4fd9-bd21-c92186785d45" testId="d5b0e13e-b06f-0ef3-f07f-911723eb0edb" testName="BabylonArchiveCore.Tests.Session7PresentationTests.Validator_Report_NoExceptionEntry" computerName="STUFF-LAB" duration="00:00:00.0300346" startTime="2026-03-22T01:16:39.6175864+01:00" endTime="2026-03-22T01:16:39.6420272+01:00" testType="13cdc9d9-ddb5-4fa4-a97d-d965ccfc6d4b" outcome="Passed" testListId="8c84fa94-04c1-424b-9868-57a2d4851a1d" relativeResultsDirectory="88b87bc4-072a-4fd9-bd21-c92186785d45" />
    <UnitTestResult executionId="1c45b81f-5268-40f3-ac3d-cd0eed03d8dd" testId="49b44b1a-3e9f-c4f2-6b71-b47dd2d3e89f" testName="BabylonArchiveCore.Tests.DaySixProgressionTests.AwardXp_ZeroOrNegative_Ignored" computerName="STUFF-LAB" duration="00:00:00.0002786" startTime="2026-03-22T01:16:39.0457727+01:00" endTime="2026-03-22T01:16:39.0461869+01:00" testType="13cdc9d9-ddb5-4fa4-a97d-d965ccfc6d4b" outcome="Passed" testListId="8c84fa94-04c1-424b-9868-57a2d4851a1d" relativeResultsDirectory="1c45b81f-5268-40f3-ac3d-cd0eed03d8dd" />
    <UnitTestResult executionId="0696a9a2-8199-4960-bb33-745341e34904" testId="3724651d-4b3d-561f-05c8-4a4a3ab02dda" testName="BabylonArchiveCore.Tests.DayFourMissionTests.Competition_WinnerEffectReturned" computerName="STUFF-LAB" duration="00:00:00.0088744" startTime="2026-03-22T01:16:39.3612489+01:00" endTime="2026-03-22T01:16:39.3613662+01:00" testType="13cdc9d9-ddb5-4fa4-a97d-d965ccfc6d4b" outcome="Passed" testListId="8c84fa94-04c1-424b-9868-57a2d4851a1d" relativeResultsDirectory="0696a9a2-8199-4960-bb33-745341e34904" />
    <UnitTestResult executionId="70812499-555b-4eec-8f88-604abe1fbfa8" testId="8c3a6f16-5909-87b1-92bf-e90436c91579" testName="BabylonArchiveCore.Tests.Session4InteractivesTests.InteractionHandler_Npc_StartsDialogue" computerName="STUFF-LAB" duration="00:00:00.0005909" startTime="2026-03-22T01:16:39.6418452+01:00" endTime="2026-03-22T01:16:39.6424892+01:00" testType="13cdc9d9-ddb5-4fa4-a97d-d965ccfc6d4b" outcome="Passed" testListId="8c84fa94-04c1-424b-9868-57a2d4851a1d" relativeResultsDirectory="70812499-555b-4eec-8f88-604abe1fbfa8" />
    <UnitTestResult executionId="f3789783-a2b3-4780-8d27-11e195fb84b6" testId="28355f7b-1e93-7caa-3e23-2ada7fced366" testName="BabylonArchiveCore.Tests.DayFourMissionTests.Mission_PublishesStatusEvents" computerName="STUFF-LAB" duration="00:00:00.0015275" startTime="2026-03-22T01:16:39.3653423+01:00" endTime="2026-03-22T01:16:39.3659380+01:00" testType="13cdc9d9-ddb5-4fa4-a97d-d965ccfc6d4b" outcome="Passed" testListId="8c84fa94-04c1-424b-9868-57a2d4851a1d" relativeResultsDirectory="f3789783-a2b3-4780-8d27-11e195fb84b6" />
    <UnitTestResult executionId="e43f9986-177e-4c01-b27b-aa0cec3b5590" testId="80b24fd4-e545-4f69-ecdb-8969d66f7c1a" testName="BabylonArchiveCore.Tests.Session4InteractivesTests.InteractionHandler_Gate_ShowsDialogue" computerName="STUFF-LAB" duration="00:00:00.0417732" startTime="2026-03-22T01:16:39.4090898+01:00" endTime="2026-03-22T01:16:39.4617539+01:00" testType="13cdc9d9-ddb5-4fa4-a97d-d965ccfc6d4b" outcome="Passed" testListId="8c84fa94-04c1-424b-9868-57a2d4851a1d" relativeResultsDirectory="e43f9986-177e-4c01-b27b-aa0cec3b5590" />
    <UnitTestResult executionId="b9acf6c1-b249-432e-af1d-2b5aea27f7fa" testId="e2af5c4b-fbd6-9f70-a107-3d573bad728f" testName="BabylonArchiveCore.Tests.DayThreeSceneTests.Journal_InitialSystemEntry" computerName="STUFF-LAB" duration="00:00:00.0007549" startTime="2026-03-22T01:16:39.1271045+01:00" endTime="2026-03-22T01:16:39.1272828+01:00" testType="13cdc9d9-ddb5-4fa4-a97d-d965ccfc6d4b" outcome="Passed" testListId="8c84fa94-04c1-424b-9868-57a2d4851a1d" relativeResultsDirectory="b9acf6c1-b249-432e-af1d-2b5aea27f7fa" />
    <UnitTestResult executionId="7db6ffc9-5259-4f1d-8e0c-9bcb16b7dbaa" testId="0b2a8f30-fb20-4151-6c02-6d6af86a958b" testName="BabylonArchiveCore.Tests.Session2GeometryTests.OctagonalFloor_EdgeMidpointsAreInside" computerName="STUFF-LAB" duration="00:00:00.0002550" startTime="2026-03-22T01:16:39.1664143+01:00" endTime="2026-03-22T01:16:39.1666483+01:00" testType="13cdc9d9-ddb5-4fa4-a97d-d965ccfc6d4b" outcome="Passed" testListId="8c84fa94-04c1-424b-9868-57a2d4851a1d" relativeResultsDirectory="7db6ffc9-5259-4f1d-8e0c-9bcb16b7dbaa" />
    <UnitTestResult executionId="d3846be7-8d26-46c1-bc04-9320998ffddb" testId="393b2536-06c8-b74b-d54b-9e754bf61ccd" testName="BabylonArchiveCore.Tests.DayThreeSceneTests.Hints_NearbyObjectReturnsHint" computerName="STUFF-LAB" duration="00:00:00.0522206" startTime="2026-03-22T01:16:39.0093997+01:00" endTime="2026-03-22T01:16:39.0891114+01:00" testType="13cdc9d9-ddb5-4fa4-a97d-d965ccfc6d4b" outcome="Passed" testListId="8c84fa94-04c1-424b-9868-57a2d4851a1d" relativeResultsDirectory="d3846be7-8d26-46c1-bc04-9320998ffddb" />
    <UnitTestResult executionId="e1a5d6e6-c920-4542-9c87-7d8b0e103c4f" testId="0844bc6f-bac0-ae14-ab51-283b8c98cc9c" testName="BabylonArchiveCore.Tests.Session7PresentationTests.PrologueRunner_RunToCompletion_ProtocolZeroUnlocked" computerName="STUFF-LAB" duration="00:00:00.0718046" startTime="2026-03-22T01:16:39.3694648+01:00" endTime="2026-03-22T01:16:39.4484184+01:00" testType="13cdc9d9-ddb5-4fa4-a97d-d965ccfc6d4b" outcome="Passed" testListId="8c84fa94-04c1-424b-9868-57a2d4851a1d" relativeResultsDirectory="e1a5d6e6-c920-4542-9c87-7d8b0e103c4f" />
    <UnitTestResult executionId="6e688437-7199-48c3-bdb0-d5d3a65bb96e" testId="b9353729-a21c-5382-3306-8cdb7a68dd0d" testName="BabylonArchiveCore.Tests.DaySevenEconomyTests.FakeBilling_ReturnsBalance" computerName="STUFF-LAB" duration="00:00:00.0018871" startTime="2026-03-22T01:16:39.5738843+01:00" endTime="2026-03-22T01:16:39.5794037+01:00" testType="13cdc9d9-ddb5-4fa4-a97d-d965ccfc6d4b" outcome="Passed" testListId="8c84fa94-04c1-424b-9868-57a2d4851a1d" relativeResultsDirectory="6e688437-7199-48c3-bdb0-d5d3a65bb96e" />
    <UnitTestResult executionId="78a5b605-9277-476d-b9b9-4f38df9538da" testId="6147623c-71d6-61b0-e0f8-764e965efc0b" testName="BabylonArchiveCore.Tests.Session2GeometryTests.SceneGeometry_ClampToWalkable_OutsidePushesIn" computerName="STUFF-LAB" duration="00:00:00.0003188" startTime="2026-03-22T01:16:39.2148855+01:00" endTime="2026-03-22T01:16:39.2149978+01:00" testType="13cdc9d9-ddb5-4fa4-a97d-d965ccfc6d4b" outcome="Passed" testListId="8c84fa94-04c1-424b-9868-57a2d4851a1d" relativeResultsDirectory="78a5b605-9277-476d-b9b9-4f38df9538da" />
    <UnitTestResult executionId="99a82497-17d4-4ca6-8cbb-ca93b03db2d8" testId="772818ce-4ac2-78c9-f1be-9ecadb8b09a0" testName="BabylonArchiveCore.Tests.DayTwoArchiveTests.Generator_DifferentSeedsProduceDifferentGraphs" computerName="STUFF-LAB" duration="00:00:00.2172171" startTime="2026-03-22T01:16:39.0088437+01:00" endTime="2026-03-22T01:16:39.2196398+01:00" testType="13cdc9d9-ddb5-4fa4-a97d-d965ccfc6d4b" outcome="Passed" testListId="8c84fa94-04c1-424b-9868-57a2d4851a1d" relativeResultsDirectory="99a82497-17d4-4ca6-8cbb-ca93b03db2d8" />
    <UnitTestResult executionId="55cf356b-bb89-43c4-a9cb-24f1fd2de8e3" testId="81259778-1970-07d6-3b8d-040b394e8cd1" testName="BabylonArchiveCore.Tests.Session4InteractivesTests.TriggerSystem_MultiplePhases_Sequential" computerName="STUFF-LAB" duration="00:00:00.0005419" startTime="2026-03-22T01:16:39.6715992+01:00" endTime="2026-03-22T01:16:39.6717464+01:00" testType="13cdc9d9-ddb5-4fa4-a97d-d965ccfc6d4b" outcome="Passed" testListId="8c84fa94-04c1-424b-9868-57a2d4851a1d" relativeResultsDirectory="55cf356b-bb89-43c4-a9cb-24f1fd2de8e3" />
    <UnitTestResult executionId="6e44749f-4272-4e0c-abb5-ca4c45234e4c" testId="cf57b283-3e7e-750a-cb67-22fdb8858347" testName="BabylonArchiveCore.Tests.Session4InteractivesTests.PhaseTrigger_HasActions" computerName="STUFF-LAB" duration="00:00:00.0004489" startTime="2026-03-22T01:16:39.4838465+01:00" endTime="2026-03-22T01:16:39.4868401+01:00" testType="13cdc9d9-ddb5-4fa4-a97d-d965ccfc6d4b" outcome="Passed" testListId="8c84fa94-04c1-424b-9868-57a2d4851a1d" relativeResultsDirectory="6e44749f-4272-4e0c-abb5-ca4c45234e4c" />
    <UnitTestResult executionId="da6010bc-426f-4a72-8126-ae5ac1a0740f" testId="92895efa-c29c-1d8e-5db1-514bc981aca8" testName="BabylonArchiveCore.Tests.DaySixProgressionTests.Gate_MultipleRequirements_AllMustPass" computerName="STUFF-LAB" duration="00:00:00.0074596" startTime="2026-03-22T01:16:39.1153540+01:00" endTime="2026-03-22T01:16:39.1165766+01:00" testType="13cdc9d9-ddb5-4fa4-a97d-d965ccfc6d4b" outcome="Passed" testListId="8c84fa94-04c1-424b-9868-57a2d4851a1d" relativeResultsDirectory="da6010bc-426f-4a72-8126-ae5ac1a0740f" />
    <UnitTestResult executionId="771578fa-b27b-427d-919b-c549c549dcbd" testId="9ed73748-6373-0e23-39c4-527e4256e8ba" testName="BabylonArchiveCore.Tests.Session8AcceptanceTests.SmokeTest_Run_Passes" computerName="STUFF-LAB" duration="00:00:00.0217324" startTime="2026-03-22T01:16:39.6406572+01:00" endTime="2026-03-22T01:16:39.6795369+01:00" testType="13cdc9d9-ddb5-4fa4-a97d-d965ccfc6d4b" outcome="Passed" testListId="8c84fa94-04c1-424b-9868-57a2d4851a1d" relativeResultsDirectory="771578fa-b27b-427d-919b-c549c549dcbd" />
    <UnitTestResult executionId="d7b17adb-23a2-45a9-92d9-3433364d186c" testId="8b954f2a-54af-2172-7b45-105c7b2be7b8" testName="BabylonArchiveCore.Tests.Session4InteractivesTests.InteractableObject_LockedMessage_FromBuilder" computerName="STUFF-LAB" duration="00:00:00.0011313" startTime="2026-03-22T01:16:39.6543184+01:00" endTime="2026-03-22T01:16:39.6551706+01:00" testType="13cdc9d9-ddb5-4fa4-a97d-d965ccfc6d4b" outcome="Passed" testListId="8c84fa94-04c1-424b-9868-57a2d4851a1d" relativeResultsDirectory="d7b17adb-23a2-45a9-92d9-3433364d186c" />
    <UnitTestResult executionId="7a7d2a2c-92b4-4112-9d22-ba4c8a093381" testId="40ee7282-8109-538f-2d33-517704aeba83" testName="BabylonArchiveCore.Tests.Session6IntegrationTests.Mapper_RoundTrip_PreservesInventory" computerName="STUFF-LAB" duration="00:00:00.0108370" startTime="2026-03-22T01:16:39.6040580+01:00" endTime="2026-03-22T01:16:39.6103793+01:00" testType="13cdc9d9-ddb5-4fa4-a97d-d965ccfc6d4b" outcome="Passed" testListId="8c84fa94-04c1-424b-9868-57a2d4851a1d" relativeResultsDirectory="7a7d2a2c-92b4-4112-9d22-ba4c8a093381" />
    <UnitTestResult executionId="26304df2-160e-493f-8bb9-2f5cc848a94d" testId="661502de-b95f-69c2-171a-a151a99fe593" testName="BabylonArchiveCore.Tests.Session4InteractivesTests.TriggerSystem_OnPhaseChanged_FiresActions" computerName="STUFF-LAB" duration="00:00:00.0141808" startTime="2026-03-22T01:16:39.6287610+01:00" endTime="2026-03-22T01:16:39.6407733+01:00" testType="13cdc9d9-ddb5-4fa4-a97d-d965ccfc6d4b" outcome="Passed" testListId="8c84fa94-04c1-424b-9868-57a2d4851a1d" relativeResultsDirectory="26304df2-160e-493f-8bb9-2f5cc848a94d" />
    <UnitTestResult executionId="51984062-f41f-4150-be10-54ce6d0289d1" testId="c9e1ea52-f63c-bd12-c40f-3859137a29aa" testName="BabylonArchiveCore.Tests.Session3PlayerCameraTests.CameraProfile_Default3D_IsThirdPerson" computerName="STUFF-LAB" duration="00:00:00.0047589" startTime="2026-03-22T01:16:39.2814879+01:00" endTime="2026-03-22T01:16:39.2816289+01:00" testType="13cdc9d9-ddb5-4fa4-a97d-d965ccfc6d4b" outcome="Passed" testListId="8c84fa94-04c1-424b-9868-57a2d4851a1d" relativeResultsDirectory="51984062-f41f-4150-be10-54ce6d0289d1" />
    <UnitTestResult executionId="4929b7ef-2cb4-48b4-90f2-a503ff6d47a3" testId="77936268-29e5-e1a8-bd97-25a7fa0286e8" testName="BabylonArchiveCore.Tests.Session6IntegrationTests.Resume_OperationAccess_FullRestore" computerName="STUFF-LAB" duration="00:00:00.0034806" startTime="2026-03-22T01:16:39.4196438+01:00" endTime="2026-03-22T01:16:39.4202046+01:00" testType="13cdc9d9-ddb5-4fa4-a97d-d965ccfc6d4b" outcome="Passed" testListId="8c84fa94-04c1-424b-9868-57a2d4851a1d" relativeResultsDirectory="4929b7ef-2cb4-48b4-90f2-a503ff6d47a3" />
    <UnitTestResult executionId="34eb0fd2-6151-46c5-aea4-35bc8f3c3d32" testId="8e87781b-27ad-fe79-810b-bc0f56454ec7" testName="BabylonArchiveCore.Tests.Session4InteractivesTests.ObjectiveTracker_Register_And_GetAll" computerName="STUFF-LAB" duration="00:00:00.0011953" startTime="2026-03-22T01:16:39.4656948+01:00" endTime="2026-03-22T01:16:39.4658090+01:00" testType="13cdc9d9-ddb5-4fa4-a97d-d965ccfc6d4b" outcome="Passed" testListId="8c84fa94-04c1-424b-9868-57a2d4851a1d" relativeResultsDirectory="34eb0fd2-6151-46c5-aea4-35bc8f3c3d32" />
    <UnitTestResult executionId="0db2aff3-6a3a-44bf-b96d-84d818166c28" testId="7a716994-0eaa-1c12-31d4-8d61c401549c" testName="BabylonArchiveCore.Tests.Session5ContentPipelineTests.MapZoneId_AllZones_Match(jsonId: &quot;ZONE_CAPSULE&quot;, expected: Capsule)" computerName="STUFF-LAB" duration="00:00:00.0000137" startTime="2026-03-22T01:16:39.3511440+01:00" endTime="2026-03-22T01:16:39.3512515+01:00" testType="13cdc9d9-ddb5-4fa4-a97d-d965ccfc6d4b" outcome="Passed" testListId="8c84fa94-04c1-424b-9868-57a2d4851a1d" relativeResultsDirectory="0db2aff3-6a3a-44bf-b96d-84d818166c28" />
    <UnitTestResult executionId="8dbfb128-fa55-42a2-99e8-d0ff624a498a" testId="97b0a3b4-88a0-8d40-ee1b-39464d53c867" testName="BabylonArchiveCore.Tests.Session4InteractivesTests.PlayerInventory_Add_Duplicate_Ignored" computerName="STUFF-LAB" duration="00:00:00.0003808" startTime="2026-03-22T01:16:39.5051401+01:00" endTime="2026-03-22T01:16:39.5052548+01:00" testType="13cdc9d9-ddb5-4fa4-a97d-d965ccfc6d4b" outcome="Passed" testListId="8c84fa94-04c1-424b-9868-57a2d4851a1d" relativeResultsDirectory="8dbfb128-fa55-42a2-99e8-d0ff624a498a" />
    <UnitTestResult executionId="3ea01e75-9ad8-4497-a3ac-032ddbd19fa9" testId="0a259149-1659-9ca0-27e4-9dc22775f6c0" testName="BabylonArchiveCore.Tests.Session4InteractivesTests.InteractionResult_CarriesGrantedItems" computerName="STUFF-LAB" duration="00:00:00.0003194" startTime="2026-03-22T01:16:39.6755165+01:00" endTime="2026-03-22T01:16:39.6756341+01:00" testType="13cdc9d9-ddb5-4fa4-a97d-d965ccfc6d4b" outcome="Passed" testListId="8c84fa94-04c1-424b-9868-57a2d4851a1d" relativeResultsDirectory="3ea01e75-9ad8-4497-a3ac-032ddbd19fa9" />
    <UnitTestResult executionId="6ee747a4-2485-4ea6-990f-31b3093d6f77" testId="23be4c4f-111a-6d22-9535-c3e158218caa" testName="BabylonArchiveCore.Tests.Session7PresentationTests.Hint_Register_StoresHint" computerName="STUFF-LAB" duration="00:00:00.0002259" startTime="2026-03-22T01:16:39.6890632+01:00" endTime="2026-03-22T01:16:39.6891936+01:00" testType="13cdc9d9-ddb5-4fa4-a97d-d965ccfc6d4b" outcome="Passed" testListId="8c84fa94-04c1-424b-9868-57a2d4851a1d" relativeResultsDirectory="6ee747a4-2485-4ea6-990f-31b3093d6f77" />
    <UnitTestResult executionId="5d48b45a-80e2-45e0-82fb-6672733efc5c" testId="9568e7ec-8cf4-fa9e-a886-b664366e34ee" testName="BabylonArchiveCore.Tests.DaySevenEconomyTests.Store_Purchase_PublishesEvent" computerName="STUFF-LAB" duration="00:00:00.0224260" startTime="2026-03-22T01:16:39.5220843+01:00" endTime="2026-03-22T01:16:39.5623286+01:00" testType="13cdc9d9-ddb5-4fa4-a97d-d965ccfc6d4b" outcome="Passed" testListId="8c84fa94-04c1-424b-9868-57a2d4851a1d" relativeResultsDirectory="5d48b45a-80e2-45e0-82fb-6672733efc5c" />
    <UnitTestResult executionId="410e6113-ef7a-4c7c-b578-0b42063ee72f" testId="0a31a8a6-7bbd-3a4f-b035-8ae6587b2b43" testName="BabylonArchiveCore.Tests.DayFiveNarrativeTests.Resolver_FlagGate_Unlocks" computerName="STUFF-LAB" duration="00:00:00.0127857" startTime="2026-03-22T01:16:39.3609115+01:00" endTime="2026-03-22T01:16:39.3654617+01:00" testType="13cdc9d9-ddb5-4fa4-a97d-d965ccfc6d4b" outcome="Passed" testListId="8c84fa94-04c1-424b-9868-57a2d4851a1d" relativeResultsDirectory="410e6113-ef7a-4c7c-b578-0b42063ee72f" />
    <UnitTestResult executionId="c3434722-22c3-4d13-abbb-95a2e0b4d78a" testId="e53f8ee7-772f-8fa3-d994-e1d11819dc6a" testName="BabylonArchiveCore.Tests.DaySixProgressionTests.AwardXp_ExactThreshold_LevelsUp" computerName="STUFF-LAB" duration="00:00:00.0002227" startTime="2026-03-22T01:16:39.1144458+01:00" endTime="2026-03-22T01:16:39.1145630+01:00" testType="13cdc9d9-ddb5-4fa4-a97d-d965ccfc6d4b" outcome="Passed" testListId="8c84fa94-04c1-424b-9868-57a2d4851a1d" relativeResultsDirectory="c3434722-22c3-4d13-abbb-95a2e0b4d78a" />
    <UnitTestResult executionId="e45151cf-4b03-4da1-b4cb-b8d75dc5576c" testId="16c21c9b-d24b-7e01-10fd-8c3544fee753" testName="BabylonArchiveCore.Tests.Session4InteractivesTests.Builder_AssignsCorrectType(objId: &quot;drone_dock&quot;, expectedType: Npc)" computerName="STUFF-LAB" duration="00:00:00.0000191" startTime="2026-03-22T01:16:39.3982361+01:00" endTime="2026-03-22T01:16:39.3983921+01:00" testType="13cdc9d9-ddb5-4fa4-a97d-d965ccfc6d4b" outcome="Passed" testListId="8c84fa94-04c1-424b-9868-57a2d4851a1d" relativeResultsDirectory="e45151cf-4b03-4da1-b4cb-b8d75dc5576c" />
    <UnitTestResult executionId="8a216756-72dd-47ee-9425-266cb77f1608" testId="2cbfe1a0-e331-0ccd-8430-316433993c4e" testName="BabylonArchiveCore.Tests.DaySixProgressionTests.OperatorProfile_AddStat_DoesNotGoBelowZero" computerName="STUFF-LAB" duration="00:00:00.0036544" startTime="2026-03-22T01:16:39.0221377+01:00" endTime="2026-03-22T01:16:39.0222410+01:00" testType="13cdc9d9-ddb5-4fa4-a97d-d965ccfc6d4b" outcome="Passed" testListId="8c84fa94-04c1-424b-9868-57a2d4851a1d" relativeResultsDirectory="8a216756-72dd-47ee-9425-266cb77f1608" />
    <UnitTestResult executionId="6f49bbb7-6de1-469a-9f55-da204f1a527e" testId="b8078163-2127-7581-a630-fe47f46f811b" testName="BabylonArchiveCore.Tests.Session3PlayerCameraTests.Vec3_Lerp_One_ReturnsEnd" computerName="STUFF-LAB" duration="00:00:00.0003862" startTime="2026-03-22T01:16:39.2356686+01:00" endTime="2026-03-22T01:16:39.2358130+01:00" testType="13cdc9d9-ddb5-4fa4-a97d-d965ccfc6d4b" outcome="Passed" testListId="8c84fa94-04c1-424b-9868-57a2d4851a1d" relativeResultsDirectory="6f49bbb7-6de1-469a-9f55-da204f1a527e" />
    <UnitTestResult executionId="e65b99cf-1543-4e63-a216-d3f28a2b00fa" testId="4d037395-a67a-7746-5978-8745362cc664" testName="BabylonArchiveCore.Tests.DaySevenEconomyTests.Wallet_Earn_ZeroOrNegative_Ignored" computerName="STUFF-LAB" duration="00:00:00.0002482" startTime="2026-03-22T01:16:39.6304798+01:00" endTime="2026-03-22T01:16:39.6308732+01:00" testType="13cdc9d9-ddb5-4fa4-a97d-d965ccfc6d4b" outcome="Passed" testListId="8c84fa94-04c1-424b-9868-57a2d4851a1d" relativeResultsDirectory="e65b99cf-1543-4e63-a216-d3f28a2b00fa" />
    <UnitTestResult executionId="96585d4b-de65-43d8-893d-d28d98bff2b8" testId="453cd4e3-e6d6-f728-5854-0a93e3163f49" testName="BabylonArchiveCore.Tests.Session5ContentPipelineTests.MapZoneId_AllZones_Match(jsonId: &quot;ZONE_TECH_GATE_LOCKED&quot;, expected: TechGateLocked)" computerName="STUFF-LAB" duration="00:00:00.0000075" startTime="2026-03-22T01:16:39.3561651+01:00" endTime="2026-03-22T01:16:39.3562662+01:00" testType="13cdc9d9-ddb5-4fa4-a97d-d965ccfc6d4b" outcome="Passed" testListId="8c84fa94-04c1-424b-9868-57a2d4851a1d" relativeResultsDirectory="96585d4b-de65-43d8-893d-d28d98bff2b8" />
    <UnitTestResult executionId="5612ecb2-9b7c-46de-9c4a-adfcca2f628e" testId="1c4e268e-e334-bab9-715c-e43d5e91f7ef" testName="BabylonArchiveCore.Tests.Session8AcceptanceTests.Regression_ContentLoads_AllTriggers" computerName="STUFF-LAB" duration="00:00:00.0012351" startTime="2026-03-22T01:16:39.7169440+01:00" endTime="2026-03-22T01:16:39.7170780+01:00" testType="13cdc9d9-ddb5-4fa4-a97d-d965ccfc6d4b" outcome="Passed" testListId="8c84fa94-04c1-424b-9868-57a2d4851a1d" relativeResultsDirectory="5612ecb2-9b7c-46de-9c4a-adfcca2f628e" />
    <UnitTestResult executionId="b18e60cf-6c12-41c5-9191-2fc36588191e" testId="10150807-fb80-19cd-b254-01a78681fdc7" testName="BabylonArchiveCore.Tests.Session4InteractivesTests.Builder_AssignsDialogueId(objId: &quot;drone_dock&quot;, expectedDialogueId: &quot;DIA_DRONE_GREETING&quot;)" computerName="STUFF-LAB" duration="00:00:00.0000205" startTime="2026-03-22T01:16:39.4725214+01:00" endTime="2026-03-22T01:16:39.4726846+01:00" testType="13cdc9d9-ddb5-4fa4-a97d-d965ccfc6d4b" outcome="Passed" testListId="8c84fa94-04c1-424b-9868-57a2d4851a1d" relativeResultsDirectory="b18e60cf-6c12-41c5-9191-2fc36588191e" />
    <UnitTestResult executionId="d186911c-a57d-48b4-b907-01b2e0313682" testId="ecdb5609-cf5b-a20d-ad9e-f9e302b11725" testName="BabylonArchiveCore.Tests.DaySevenEconomyTests.StoreItem_Convenience_WithLaunPrice_IsCompliant" computerName="STUFF-LAB" duration="00:00:00.0007940" startTime="2026-03-22T01:16:39.5803239+01:00" endTime="2026-03-22T01:16:39.5805070+01:00" testType="13cdc9d9-ddb5-4fa4-a97d-d965ccfc6d4b" outcome="Passed" testListId="8c84fa94-04c1-424b-9868-57a2d4851a1d" relativeResultsDirectory="d186911c-a57d-48b4-b907-01b2e0313682" />
    <UnitTestResult executionId="0ad4e959-96a7-4c20-a977-2cc38c0c8eb7" testId="b7b4cecd-63b4-1328-9ba5-420463bc6434" testName="BabylonArchiveCore.Tests.Session3PlayerCameraTests.PlayerController_NoInput_StaysIdle" computerName="STUFF-LAB" duration="00:00:00.0010975" startTime="2026-03-22T01:16:39.2336398+01:00" endTime="2026-03-22T01:16:39.2337306+01:00" testType="13cdc9d9-ddb5-4fa4-a97d-d965ccfc6d4b" outcome="Passed" testListId="8c84fa94-04c1-424b-9868-57a2d4851a1d" relativeResultsDirectory="0ad4e959-96a7-4c20-a977-2cc38c0c8eb7" />
    <UnitTestResult executionId="d5d0d763-9158-40e5-975a-1bb1bccec221" testId="c60084a8-e268-d213-bfb2-3cee66d6154f" testName="BabylonArchiveCore.Tests.DayThreeSceneTests.SceneBuilder_ActiveZonesHaveObjects" computerName="STUFF-LAB" duration="00:00:00.0134726" startTime="2026-03-22T01:16:39.1344661+01:00" endTime="2026-03-22T01:16:39.1357132+01:00" testType="13cdc9d9-ddb5-4fa4-a97d-d965ccfc6d4b" outcome="Passed" testListId="8c84fa94-04c1-424b-9868-57a2d4851a1d" relativeResultsDirectory="d5d0d763-9158-40e5-975a-1bb1bccec221" />
    <UnitTestResult executionId="2f479957-db7e-4f29-adc9-961b4b19da00" testId="f761c43b-11fa-4b67-c182-f647142e0633" testName="BabylonArchiveCore.Tests.Session6IntegrationTests.DebugOverlay_FpsCalculated_After60Frames" computerName="STUFF-LAB" duration="00:00:00.0006546" startTime="2026-03-22T01:16:39.6106801+01:00" endTime="2026-03-22T01:16:39.6113296+01:00" testType="13cdc9d9-ddb5-4fa4-a97d-d965ccfc6d4b" outcome="Passed" testListId="8c84fa94-04c1-424b-9868-57a2d4851a1d" relativeResultsDirectory="2f479957-db7e-4f29-adc9-961b4b19da00" />
    <UnitTestResult executionId="50891bb5-63de-4539-a5f0-663740e74924" testId="6640a1ae-bc9a-782c-8f4a-57348ba2a2b9" testName="BabylonArchiveCore.Tests.Session7PresentationTests.Cutscene_RequiresAtLeastTwoKeyframes" computerName="STUFF-LAB" duration="00:00:00.0006573" startTime="2026-03-22T01:16:39.6856833+01:00" endTime="2026-03-22T01:16:39.6857873+01:00" testType="13cdc9d9-ddb5-4fa4-a97d-d965ccfc6d4b" outcome="Passed" testListId="8c84fa94-04c1-424b-9868-57a2d4851a1d" relativeResultsDirectory="50891bb5-63de-4539-a5f0-663740e74924" />
    <UnitTestResult executionId="a2547602-42ed-4c66-94d6-91b6ccf123ea" testId="2841f948-3846-edc3-98ec-a26e2901273e" testName="BabylonArchiveCore.Tests.DaySixProgressionTests.UnlockPerk_LevelTooLow_Fails" computerName="STUFF-LAB" duration="00:00:00.0002832" startTime="2026-03-22T01:16:39.1184168+01:00" endTime="2026-03-22T01:16:39.1185277+01:00" testType="13cdc9d9-ddb5-4fa4-a97d-d965ccfc6d4b" outcome="Passed" testListId="8c84fa94-04c1-424b-9868-57a2d4851a1d" relativeResultsDirectory="a2547602-42ed-4c66-94d6-91b6ccf123ea" />
    <UnitTestResult executionId="a6a57869-aa6f-48bd-9652-531ea0929e8b" testId="b6909dec-e511-07c0-412f-c2ed851a1709" testName="BabylonArchiveCore.Tests.Session8AcceptanceTests.SmokeTest_Run_Has7InteractionSteps" computerName="STUFF-LAB" duration="00:00:00.0117648" startTime="2026-03-22T01:16:39.7040623+01:00" endTime="2026-03-22T01:16:39.7041725+01:00" testType="13cdc9d9-ddb5-4fa4-a97d-d965ccfc6d4b" outcome="Passed" testListId="8c84fa94-04c1-424b-9868-57a2d4851a1d" relativeResultsDirectory="a6a57869-aa6f-48bd-9652-531ea0929e8b" />
    <UnitTestResult executionId="6b3c783c-1a8e-4d05-b143-fd5a364afcd8" testId="90993592-1e35-8bac-454b-9a3ee17fa8b4" testName="BabylonArchiveCore.Tests.Session7PresentationTests.Cutscene_MultiKeyframe_InterpolatesCorrectly" computerName="STUFF-LAB" duration="00:00:00.0046757" startTime="2026-03-22T01:16:39.5290676+01:00" endTime="2026-03-22T01:16:39.5493124+01:00" testType="13cdc9d9-ddb5-4fa4-a97d-d965ccfc6d4b" outcome="Passed" testListId="8c84fa94-04c1-424b-9868-57a2d4851a1d" relativeResultsDirectory="6b3c783c-1a8e-4d05-b143-fd5a364afcd8" />
    <UnitTestResult executionId="6fbfb8e9-a7b5-4424-881d-e854c9c79693" testId="6c77b1ef-d277-e882-77dc-d4ecb6923e1e" testName="BabylonArchiveCore.Tests.DaySixProgressionTests.GetCapabilities_ReturnsCompletedSchematicCapabilities" computerName="STUFF-LAB" duration="00:00:00.0064794" startTime="2026-03-22T01:16:39.0880734+01:00" endTime="2026-03-22T01:16:39.0882142+01:00" testType="13cdc9d9-ddb5-4fa4-a97d-d965ccfc6d4b" outcome="Passed" testListId="8c84fa94-04c1-424b-9868-57a2d4851a1d" relativeResultsDirectory="6fbfb8e9-a7b5-4424-881d-e854c9c79693" />
    <UnitTestResult executionId="baaf97fa-674d-4ffc-bfcd-fdcf0580859f" testId="974e5e26-5104-e84a-3750-99456ed6ad17" testName="BabylonArchiveCore.Tests.Session5ContentPipelineTests.A0ContentProvider_LoadObjectives_Returns7Objectives" computerName="STUFF-LAB" duration="00:00:00.0015432" startTime="2026-03-22T01:16:39.5491838+01:00" endTime="2026-03-22T01:16:39.5498576+01:00" testType="13cdc9d9-ddb5-4fa4-a97d-d965ccfc6d4b" outcome="Passed" testListId="8c84fa94-04c1-424b-9868-57a2d4851a1d" relativeResultsDirectory="baaf97fa-674d-4ffc-bfcd-fdcf0580859f" />
    <UnitTestResult executionId="57600314-0587-4b21-adb3-e6c482c89402" testId="78e04691-ef3f-0cea-93ce-f648c6d76188" testName="BabylonArchiveCore.Tests.DayTwoArchiveTests.ArchiveAddress_DifferentWorldSeedsProduceDifferentResults" computerName="STUFF-LAB" duration="00:00:00.0002822" startTime="2026-03-22T01:16:39.2305805+01:00" endTime="2026-03-22T01:16:39.2306857+01:00" testType="13cdc9d9-ddb5-4fa4-a97d-d965ccfc6d4b" outcome="Passed" testListId="8c84fa94-04c1-424b-9868-57a2d4851a1d" relativeResultsDirectory="57600314-0587-4b21-adb3-e6c482c89402" />
    <UnitTestResult executionId="df291c0a-3d3f-4b19-8345-46097c3fe2ad" testId="798b20f9-260d-01cc-71da-f758c2bdeb99" testName="BabylonArchiveCore.Tests.Session8537OperationLaunchTests.BuildCatalog_GroupsByTerminalTab" computerName="STUFF-LAB" duration="00:00:00.0398219" startTime="2026-03-22T01:16:39.4192635+01:00" endTime="2026-03-22T01:16:39.4692760+01:00" testType="13cdc9d9-ddb5-4fa4-a97d-d965ccfc6d4b" outcome="Passed" testListId="8c84fa94-04c1-424b-9868-57a2d4851a1d" relativeResultsDirectory="df291c0a-3d3f-4b19-8345-46097c3fe2ad" />
    <UnitTestResult executionId="af58d31f-2dbc-461b-b012-6e6a92223624" testId="d99bd7cf-62ed-1230-17f8-7e34129c1875" testName="BabylonArchiveCore.Tests.DayFourMissionTests.Mission_FailureEffectReturned" computerName="STUFF-LAB" duration="00:00:00.0005395" startTime="2026-03-22T01:16:39.2917377+01:00" endTime="2026-03-22T01:16:39.2918470+01:00" testType="13cdc9d9-ddb5-4fa4-a97d-d965ccfc6d4b" outcome="Passed" testListId="8c84fa94-04c1-424b-9868-57a2d4851a1d" relativeResultsDirectory="af58d31f-2dbc-461b-b012-6e6a92223624" />
    <UnitTestResult executionId="cbfb3f91-265c-477f-9a94-4b864bf66962" testId="0264e382-b69b-5aec-630a-d09f7832c73b" testName="BabylonArchiveCore.Tests.Session4InteractivesTests.ObjectiveTracker_Complete_Works" computerName="STUFF-LAB" duration="00:00:00.0004458" startTime="2026-03-22T01:16:39.5337605+01:00" endTime="2026-03-22T01:16:39.5338431+01:00" testType="13cdc9d9-ddb5-4fa4-a97d-d965ccfc6d4b" outcome="Passed" testListId="8c84fa94-04c1-424b-9868-57a2d4851a1d" relativeResultsDirectory="cbfb3f91-265c-477f-9a94-4b864bf66962" />
    <UnitTestResult executionId="523f56b1-6728-4f2f-a7df-1050e9176837" testId="e57cd327-130c-a6cc-12b1-acb0291ac071" testName="BabylonArchiveCore.Tests.Session6IntegrationTests.Factory_Build_StartsAtAwakening" computerName="STUFF-LAB" duration="00:00:00.0030326" startTime="2026-03-22T01:16:39.4282585+01:00" endTime="2026-03-22T01:16:39.4454132+01:00" testType="13cdc9d9-ddb5-4fa4-a97d-d965ccfc6d4b" outcome="Passed" testListId="8c84fa94-04c1-424b-9868-57a2d4851a1d" relativeResultsDirectory="523f56b1-6728-4f2f-a7df-1050e9176837" />
    <UnitTestResult executionId="db60a797-5a64-4ffc-9417-4493d916f8cb" testId="0f63ba96-8f91-8cec-1aa4-c101c6b79b79" testName="BabylonArchiveCore.Tests.Session5ContentPipelineTests.A0ContentProvider_LoadDialogues_DroneHas3Lines" computerName="STUFF-LAB" duration="00:00:00.0017764" startTime="2026-03-22T01:16:39.4468330+01:00" endTime="2026-03-22T01:16:39.4475173+01:00" testType="13cdc9d9-ddb5-4fa4-a97d-d965ccfc6d4b" outcome="Passed" testListId="8c84fa94-04c1-424b-9868-57a2d4851a1d" relativeResultsDirectory="db60a797-5a64-4ffc-9417-4493d916f8cb" />
    <UnitTestResult executionId="ee438ece-ddd5-4da2-a677-c8e481674c40" testId="381d39b8-b25e-68b7-1d0d-2c47176fddd5" testName="BabylonArchiveCore.Tests.Session3PlayerCameraTests.CameraController_Update_ConvergesOverTime" computerName="STUFF-LAB" duration="00:00:00.0005894" startTime="2026-03-22T01:16:39.2503053+01:00" endTime="2026-03-22T01:16:39.2506749+01:00" testType="13cdc9d9-ddb5-4fa4-a97d-d965ccfc6d4b" outcome="Passed" testListId="8c84fa94-04c1-424b-9868-57a2d4851a1d" relativeResultsDirectory="ee438ece-ddd5-4da2-a677-c8e481674c40" />
    <UnitTestResult executionId="df442502-f666-4429-8ca9-43f5b30018b7" testId="6cd39d7e-efac-bed4-76a3-dbf9f8d8e776" testName="BabylonArchiveCore.Tests.Session8537OperationLaunchTests.BuildCatalog_ContainsAllTabsEvenIfEmpty" computerName="STUFF-LAB" duration="00:00:00.0064865" startTime="2026-03-22T01:16:39.4716635+01:00" endTime="2026-03-22T01:16:39.4794035+01:00" testType="13cdc9d9-ddb5-4fa4-a97d-d965ccfc6d4b" outcome="Passed" testListId="8c84fa94-04c1-424b-9868-57a2d4851a1d" relativeResultsDirectory="df442502-f666-4429-8ca9-43f5b30018b7" />
    <UnitTestResult executionId="27ac303e-0923-4ad1-af55-6704a0ab5ec9" testId="bf588c32-9b95-0ee7-d79e-fe536539075b" testName="BabylonArchiveCore.Tests.Session7PresentationTests.Cutscene_InitialState_NotPlayingNotFinished" computerName="STUFF-LAB" duration="00:00:00.0002035" startTime="2026-03-22T01:16:39.6056198+01:00" endTime="2026-03-22T01:16:39.6057275+01:00" testType="13cdc9d9-ddb5-4fa4-a97d-d965ccfc6d4b" outcome="Passed" testListId="8c84fa94-04c1-424b-9868-57a2d4851a1d" relativeResultsDirectory="27ac303e-0923-4ad1-af55-6704a0ab5ec9" />
    <UnitTestResult executionId="de1f40c0-64bf-4f91-bc39-b6180d7f606b" testId="463f62cd-2aa5-5e30-86a1-0542e55cf42e" testName="BabylonArchiveCore.Tests.Session6IntegrationTests.Factory_Build_CreatesAllComponents" computerName="STUFF-LAB" duration="00:00:00.0048098" startTime="2026-03-22T01:16:39.3713036+01:00" endTime="2026-03-22T01:16:39.3714017+01:00" testType="13cdc9d9-ddb5-4fa4-a97d-d965ccfc6d4b" outcome="Passed" testListId="8c84fa94-04c1-424b-9868-57a2d4851a1d" relativeResultsDirectory="de1f40c0-64bf-4f91-bc39-b6180d7f606b" />
    <UnitTestResult executionId="71320a1d-f6e0-47d3-b6e9-a8d15eb6000b" testId="56717109-c97a-429d-8ea4-cc58da31dd2d" testName="BabylonArchiveCore.Tests.Session7PresentationTests.PrologueRunner_PrologueSequence_MatchesExpected" computerName="STUFF-LAB" duration="00:00:00.0005938" startTime="2026-03-22T01:16:39.6972794+01:00" endTime="2026-03-22T01:16:39.6976027+01:00" testType="13cdc9d9-ddb5-4fa4-a97d-d965ccfc6d4b" outcome="Passed" testListId="8c84fa94-04c1-424b-9868-57a2d4851a1d" relativeResultsDirectory="71320a1d-f6e0-47d3-b6e9-a8d15eb6000b" />
    <UnitTestResult executionId="d4860827-8ef0-4ed9-b3bd-220332dacd8d" testId="78202ad7-d3ac-a058-343e-ced409b797a4" testName="BabylonArchiveCore.Tests.DaySevenEconomyTests.Store_Purchase_Launs_ForSupply_Blocked" computerName="STUFF-LAB" duration="00:00:00.0010776" startTime="2026-03-22T01:16:39.5716802+01:00" endTime="2026-03-22T01:16:39.5731142+01:00" testType="13cdc9d9-ddb5-4fa4-a97d-d965ccfc6d4b" outcome="Passed" testListId="8c84fa94-04c1-424b-9868-57a2d4851a1d" relativeResultsDirectory="d4860827-8ef0-4ed9-b3bd-220332dacd8d" />
    <UnitTestResult executionId="119166dc-d442-4ed2-b5c9-618a61a4890b" testId="9a2f55c9-b430-d384-0b6f-b8173e7f61ba" testName="BabylonArchiveCore.Tests.Session3PlayerCameraTests.InputSnapshot_FromActions_NorthEast_Normalized" computerName="STUFF-LAB" duration="00:00:00.0011592" startTime="2026-03-22T01:16:39.2348736+01:00" endTime="2026-03-22T01:16:39.2352223+01:00" testType="13cdc9d9-ddb5-4fa4-a97d-d965ccfc6d4b" outcome="Passed" testListId="8c84fa94-04c1-424b-9868-57a2d4851a1d" relativeResultsDirectory="119166dc-d442-4ed2-b5c9-618a61a4890b" />
    <UnitTestResult executionId="2c41b42c-8daf-4396-b5d4-fc2e31aed9ae" testId="927aa122-9285-0441-affb-85987276f0a8" testName="BabylonArchiveCore.Tests.Session4InteractivesTests.TriggerSystem_UnregisteredPhase_ReturnsEmpty" computerName="STUFF-LAB" duration="00:00:00.0007493" startTime="2026-03-22T01:16:39.5071843+01:00" endTime="2026-03-22T01:16:39.5072985+01:00" testType="13cdc9d9-ddb5-4fa4-a97d-d965ccfc6d4b" outcome="Passed" testListId="8c84fa94-04c1-424b-9868-57a2d4851a1d" relativeResultsDirectory="2c41b42c-8daf-4396-b5d4-fc2e31aed9ae" />
    <UnitTestResult executionId="e4e49ac7-622c-4e0f-be39-e841b39138ed" testId="48935be8-56e9-4ed7-a4e2-80d8ae492a8f" testName="BabylonArchiveCore.Tests.DayFiveNarrativeTests.Spine_DoesNotReTriggerChapter" computerName="STUFF-LAB" duration="00:00:00.0080950" startTime="2026-03-22T01:16:39.4482403+01:00" endTime="2026-03-22T01:16:39.4596246+01:00" testType="13cdc9d9-ddb5-4fa4-a97d-d965ccfc6d4b" outcome="Passed" testListId="8c84fa94-04c1-424b-9868-57a2d4851a1d" relativeResultsDirectory="e4e49ac7-622c-4e0f-be39-e841b39138ed" />
    <UnitTestResult executionId="25834227-4ee4-4843-95ec-165070bf4c2c" testId="0f41482a-0b89-bf67-09c3-d21d5423efb9" testName="BabylonArchiveCore.Tests.Session5ContentPipelineTests.ContentPipeline_ObjectivesFromJSON_WorkWithObjectiveTracker" computerName="STUFF-LAB" duration="00:00:00.0020097" startTime="2026-03-22T01:16:39.4184640+01:00" endTime="2026-03-22T01:16:39.4197502+01:00" testType="13cdc9d9-ddb5-4fa4-a97d-d965ccfc6d4b" outcome="Passed" testListId="8c84fa94-04c1-424b-9868-57a2d4851a1d" relativeResultsDirectory="25834227-4ee4-4843-95ec-165070bf4c2c" />
    <UnitTestResult executionId="e59af656-7248-40a5-a827-6cb9d941fe2e" testId="9dd6394f-f965-95f7-ef05-c39926a208cb" testName="BabylonArchiveCore.Tests.Session4InteractivesTests.Builder_AssignsDialogueId(objId: &quot;gallery_overlook&quot;, expectedDialogueId: &quot;DIA_GALLERY_OVERLOOK&quot;)" computerName="STUFF-LAB" duration="00:00:00.0000237" startTime="2026-03-22T01:16:39.4720895+01:00" endTime="2026-03-22T01:16:39.4722657+01:00" testType="13cdc9d9-ddb5-4fa4-a97d-d965ccfc6d4b" outcome="Passed" testListId="8c84fa94-04c1-424b-9868-57a2d4851a1d" relativeResultsDirectory="e59af656-7248-40a5-a827-6cb9d941fe2e" />
    <UnitTestResult executionId="fd0fa525-8247-4bf2-89ab-0743f69d4fe4" testId="4952264b-b0f5-3e37-e065-62886af1b9ee" testName="BabylonArchiveCore.Tests.Session4InteractivesTests.ObjectiveStatus_HasThreeValues" computerName="STUFF-LAB" duration="00:00:00.0004162" startTime="2026-03-22T01:16:39.5184453+01:00" endTime="2026-03-22T01:16:39.5185521+01:00" testType="13cdc9d9-ddb5-4fa4-a97d-d965ccfc6d4b" outcome="Passed" testListId="8c84fa94-04c1-424b-9868-57a2d4851a1d" relativeResultsDirectory="fd0fa525-8247-4bf2-89ab-0743f69d4fe4" />
    <UnitTestResult executionId="85848586-2221-4503-9eb7-f2c7997ee223" testId="4aa5e336-b787-334d-bd7c-79efec36b6ee" testName="BabylonArchiveCore.Tests.Session3PlayerCameraTests.GameplaySession_FullPrologueWalkthrough" computerName="STUFF-LAB" duration="00:00:00.0009099" startTime="2026-03-22T01:16:39.2884297+01:00" endTime="2026-03-22T01:16:39.2885769+01:00" testType="13cdc9d9-ddb5-4fa4-a97d-d965ccfc6d4b" outcome="Passed" testListId="8c84fa94-04c1-424b-9868-57a2d4851a1d" relativeResultsDirectory="85848586-2221-4503-9eb7-f2c7997ee223" />
    <UnitTestResult executionId="f4410042-fd13-4e96-b5f3-edb7b0c27e10" testId="88eacb6d-7661-dc82-2c91-2f5c5d9e41ee" testName="BabylonArchiveCore.Tests.Session7PresentationTests.Cutscene_Update_WhenNotPlaying_ReturnsCurrentState" computerName="STUFF-LAB" duration="00:00:00.0003669" startTime="2026-03-22T01:16:39.5274280+01:00" endTime="2026-03-22T01:16:39.5275320+01:00" testType="13cdc9d9-ddb5-4fa4-a97d-d965ccfc6d4b" outcome="Passed" testListId="8c84fa94-04c1-424b-9868-57a2d4851a1d" relativeResultsDirectory="f4410042-fd13-4e96-b5f3-edb7b0c27e10" />
    <UnitTestResult executionId="646f57d1-507a-4749-b9df-4cb37c1b7796" testId="53ab91ba-08c5-2958-950c-eda83b2196c8" testName="BabylonArchiveCore.Tests.Session8AcceptanceTests.V1Report_Summary_ContainsCounts" computerName="STUFF-LAB" duration="00:00:00.0095058" startTime="2026-03-22T01:16:39.7030971+01:00" endTime="2026-03-22T01:16:39.7032205+01:00" testType="13cdc9d9-ddb5-4fa4-a97d-d965ccfc6d4b" outcome="Passed" testListId="8c84fa94-04c1-424b-9868-57a2d4851a1d" relativeResultsDirectory="646f57d1-507a-4749-b9df-4cb37c1b7796" />
    <UnitTestResult executionId="0dab5bc4-a84d-4098-99df-0620e1b96b90" testId="ba0bfe7e-571c-a371-1571-e1b1815ddad7" testName="BabylonArchiveCore.Tests.Session5ContentPipelineTests.MapPhase_AllPhases_Match(phaseName: &quot;DroneContact&quot;, expected: DroneContact)" computerName="STUFF-LAB" duration="00:00:00.0004993" startTime="2026-03-22T01:16:39.4228075+01:00" endTime="2026-03-22T01:16:39.4229021+01:00" testType="13cdc9d9-ddb5-4fa4-a97d-d965ccfc6d4b" outcome="Passed" testListId="8c84fa94-04c1-424b-9868-57a2d4851a1d" relativeResultsDirectory="0dab5bc4-a84d-4098-99df-0620e1b96b90" />
    <UnitTestResult executionId="fe605c22-5045-42a7-9a84-30617102976e" testId="a671beb1-aa6e-2d35-03bb-67394fe5d73f" testName="BabylonArchiveCore.Tests.Session5ContentPipelineTests.MapObjectId_AllObjects_Match(jsonId: &quot;OBJ_ARCHIVE_GATE&quot;, expected: &quot;archive_gate&quot;)" computerName="STUFF-LAB" duration="00:00:00.0000044" startTime="2026-03-22T01:16:39.4153775+01:00" endTime="2026-03-22T01:16:39.4155145+01:00" testType="13cdc9d9-ddb5-4fa4-a97d-d965ccfc6d4b" outcome="Passed" testListId="8c84fa94-04c1-424b-9868-57a2d4851a1d" relativeResultsDirectory="fe605c22-5045-42a7-9a84-30617102976e" />
    <UnitTestResult executionId="139f8317-f8bf-4d36-ae81-baee4405124e" testId="159d46f1-404f-114e-71bc-4db2af05c402" testName="BabylonArchiveCore.Tests.Session7PresentationTests.ObjectiveHUD_CurrentObjectiveId_ReflectsTracker" computerName="STUFF-LAB" duration="00:00:00.0009046" startTime="2026-03-22T01:16:39.5856388+01:00" endTime="2026-03-22T01:16:39.5857339+01:00" testType="13cdc9d9-ddb5-4fa4-a97d-d965ccfc6d4b" outcome="Passed" testListId="8c84fa94-04c1-424b-9868-57a2d4851a1d" relativeResultsDirectory="139f8317-f8bf-4d36-ae81-baee4405124e" />
    <UnitTestResult executionId="62632cb6-b952-4ed1-b344-b1a8ac24a995" testId="909ce025-0c8a-b1b8-8581-89d9b01081f3" testName="BabylonArchiveCore.Tests.Session5ContentPipelineTests.MapZoneId_AllZones_Match(jsonId: &quot;ZONE_HARD_ARCHIVE_ENTRY_LOCKED&quot;, expected: HardArchiveEntrance)" computerName="STUFF-LAB" duration="00:00:00.0000072" startTime="2026-03-22T01:16:39.3523999+01:00" endTime="2026-03-22T01:16:39.3524994+01:00" testType="13cdc9d9-ddb5-4fa4-a97d-d965ccfc6d4b" outcome="Passed" testListId="8c84fa94-04c1-424b-9868-57a2d4851a1d" relativeResultsDirectory="62632cb6-b952-4ed1-b344-b1a8ac24a995" />
    <UnitTestResult executionId="b2765f8d-ddf6-4949-918e-b664e47a6b72" testId="1a194140-0abd-c863-00df-4c6470689f8b" testName="BabylonArchiveCore.Tests.Session5ContentPipelineTests.MapZoneId_UnknownZone_Throws" computerName="STUFF-LAB" duration="00:00:00.0004995" startTime="2026-03-22T01:16:39.4688852+01:00" endTime="2026-03-22T01:16:39.4709181+01:00" testType="13cdc9d9-ddb5-4fa4-a97d-d965ccfc6d4b" outcome="Passed" testListId="8c84fa94-04c1-424b-9868-57a2d4851a1d" relativeResultsDirectory="b2765f8d-ddf6-4949-918e-b664e47a6b72" />
    <UnitTestResult executionId="06c9e530-cf77-4443-bdc1-a2486d606b49" testId="61e32f1c-2307-6ccd-eeda-9a2c2f4e9ba5" testName="BabylonArchiveCore.Tests.Session7PresentationTests.Hint_RegisterFromZones_PicksUpHintText" computerName="STUFF-LAB" duration="00:00:00.3573817" startTime="2026-03-22T01:16:38.8608909+01:00" endTime="2026-03-22T01:16:39.3691332+01:00" testType="13cdc9d9-ddb5-4fa4-a97d-d965ccfc6d4b" outcome="Passed" testListId="8c84fa94-04c1-424b-9868-57a2d4851a1d" relativeResultsDirectory="06c9e530-cf77-4443-bdc1-a2486d606b49" />
    <UnitTestResult executionId="9d390ec4-7781-4f9a-8070-6c02a79f7fe0" testId="1ee66710-80d3-b175-8a85-d79da47fbf2a" testName="BabylonArchiveCore.Tests.DaySevenEconomyTests.Wallet_TrySpend_Fails_WhenInsufficientFunds" computerName="STUFF-LAB" duration="00:00:00.0002472" startTime="2026-03-22T01:16:39.5839362+01:00" endTime="2026-03-22T01:16:39.5840924+01:00" testType="13cdc9d9-ddb5-4fa4-a97d-d965ccfc6d4b" outcome="Passed" testListId="8c84fa94-04c1-424b-9868-57a2d4851a1d" relativeResultsDirectory="9d390ec4-7781-4f9a-8070-6c02a79f7fe0" />
    <UnitTestResult executionId="a589a1c4-7c24-4b19-9a09-640ec2c3cd84" testId="7b4f58bb-cb40-0c36-ff09-99446b388483" testName="BabylonArchiveCore.Tests.Session2GeometryTests.Collision_MoveOutsideFloor_Clamped" computerName="STUFF-LAB" duration="00:00:00.0040235" startTime="2026-03-22T01:16:39.2122386+01:00" endTime="2026-03-22T01:16:39.2123899+01:00" testType="13cdc9d9-ddb5-4fa4-a97d-d965ccfc6d4b" outcome="Passed" testListId="8c84fa94-04c1-424b-9868-57a2d4851a1d" relativeResultsDirectory="a589a1c4-7c24-4b19-9a09-640ec2c3cd84" />
    <UnitTestResult executionId="060d539f-3c4a-47f4-a887-d1cf65125fe7" testId="f2c57b86-37bb-02c1-e7eb-b22348d5c3c2" testName="BabylonArchiveCore.Tests.Session4InteractivesTests.TerminalScreen_HasProperties" computerName="STUFF-LAB" duration="00:00:00.0007121" startTime="2026-03-22T01:16:39.6537424+01:00" endTime="2026-03-22T01:16:39.6539386+01:00" testType="13cdc9d9-ddb5-4fa4-a97d-d965ccfc6d4b" outcome="Passed" testListId="8c84fa94-04c1-424b-9868-57a2d4851a1d" relativeResultsDirectory="060d539f-3c4a-47f4-a887-d1cf65125fe7" />
    <UnitTestResult executionId="e91d24d6-0954-4a98-bb27-874fedd9c506" testId="06df20f0-76c1-aabf-1f83-4918b3221aa9" testName="BabylonArchiveCore.Tests.Session2GeometryTests.OctagonalFloor_BelowFloorNotWalkable" computerName="STUFF-LAB" duration="00:00:00.0002186" startTime="2026-03-22T01:16:39.2020805+01:00" endTime="2026-03-22T01:16:39.2021798+01:00" testType="13cdc9d9-ddb5-4fa4-a97d-d965ccfc6d4b" outcome="Passed" testListId="8c84fa94-04c1-424b-9868-57a2d4851a1d" relativeResultsDirectory="e91d24d6-0954-4a98-bb27-874fedd9c506" />
    <UnitTestResult executionId="066ce5be-65ec-47eb-a537-f561f4d23ab0" testId="e6b246ca-085f-90dd-e978-52e9cecfda6e" testName="BabylonArchiveCore.Tests.Session4InteractivesTests.TriggerSystem_OnPhaseChanged_FiresOnlyOnce" computerName="STUFF-LAB" duration="00:00:00.0005753" startTime="2026-03-22T01:16:39.4802075+01:00" endTime="2026-03-22T01:16:39.4815059+01:00" testType="13cdc9d9-ddb5-4fa4-a97d-d965ccfc6d4b" outcome="Passed" testListId="8c84fa94-04c1-424b-9868-57a2d4851a1d" relativeResultsDirectory="066ce5be-65ec-47eb-a537-f561f4d23ab0" />
    <UnitTestResult executionId="695d8740-afac-493d-9d0e-8aa6d002e70b" testId="97ebf052-0410-ae5f-dbc2-0365f5465bfb" testName="BabylonArchiveCore.Tests.Session2GeometryTests.Collision_CannotInteract_TooFar" computerName="STUFF-LAB" duration="00:00:00.0009330" startTime="2026-03-22T01:16:39.1626654+01:00" endTime="2026-03-22T01:16:39.1628521+01:00" testType="13cdc9d9-ddb5-4fa4-a97d-d965ccfc6d4b" outcome="Passed" testListId="8c84fa94-04c1-424b-9868-57a2d4851a1d" relativeResultsDirectory="695d8740-afac-493d-9d0e-8aa6d002e70b" />
    <UnitTestResult executionId="d93bc662-3974-469b-a916-13bc5c98bfd7" testId="d03d926f-0c23-7282-96ae-dc57c3233e56" testName="BabylonArchiveCore.Tests.Session5ContentPipelineTests.MapType_AllTypes_Match(typeName: &quot;npc&quot;, expected: Npc)" computerName="STUFF-LAB" duration="00:00:00.0006930" startTime="2026-03-22T01:16:39.4292833+01:00" endTime="2026-03-22T01:16:39.4293868+01:00" testType="13cdc9d9-ddb5-4fa4-a97d-d965ccfc6d4b" outcome="Passed" testListId="8c84fa94-04c1-424b-9868-57a2d4851a1d" relativeResultsDirectory="d93bc662-3974-469b-a916-13bc5c98bfd7" />
    <UnitTestResult executionId="76ed4568-77da-4f5e-8bb8-d689489b499c" testId="1e529835-464a-daf1-314d-1fa89ca5c235" testName="BabylonArchiveCore.Tests.DayFourMissionTests.EffectApplier_AdjustsRelations" computerName="STUFF-LAB" duration="00:00:00.0005248" startTime="2026-03-22T01:16:39.3058032+01:00" endTime="2026-03-22T01:16:39.3062988+01:00" testType="13cdc9d9-ddb5-4fa4-a97d-d965ccfc6d4b" outcome="Passed" testListId="8c84fa94-04c1-424b-9868-57a2d4851a1d" relativeResultsDirectory="76ed4568-77da-4f5e-8bb8-d689489b499c" />
    <UnitTestResult executionId="fa4df2c3-574b-4e59-94c3-bac11884ccbe" testId="88379dbf-f0d0-9378-71aa-d25bbb20422f" testName="BabylonArchiveCore.Tests.Session4InteractivesTests.InteractionHandler_Trigger_NoDialogue" computerName="STUFF-LAB" duration="00:00:00.0005493" startTime="2026-03-22T01:16:39.5169037+01:00" endTime="2026-03-22T01:16:39.5170323+01:00" testType="13cdc9d9-ddb5-4fa4-a97d-d965ccfc6d4b" outcome="Passed" testListId="8c84fa94-04c1-424b-9868-57a2d4851a1d" relativeResultsDirectory="fa4df2c3-574b-4e59-94c3-bac11884ccbe" />
    <UnitTestResult executionId="0459799e-efe9-41f1-b295-3f935e75611f" testId="5b264f6d-13aa-b20a-672e-3b98f6667a1a" testName="BabylonArchiveCore.Tests.DaySixProgressionTests.Gate_MinLevel_Pass" computerName="STUFF-LAB" duration="00:00:00.0287161" startTime="2026-03-22T01:16:38.8612095+01:00" endTime="2026-03-22T01:16:39.0099172+01:00" testType="13cdc9d9-ddb5-4fa4-a97d-d965ccfc6d4b" outcome="Passed" testListId="8c84fa94-04c1-424b-9868-57a2d4851a1d" relativeResultsDirectory="0459799e-efe9-41f1-b295-3f935e75611f" />
    <UnitTestResult executionId="bdb21c49-9839-4486-adca-269318360d04" testId="b8b399f0-fb93-ffb1-d4e0-bd095a7d1026" testName="BabylonArchiveCore.Tests.Session3PlayerCameraTests.GameplaySession_CameraToggle_SwitchesMode" computerName="STUFF-LAB" duration="00:00:00.0008625" startTime="2026-03-22T01:16:39.2889103+01:00" endTime="2026-03-22T01:16:39.2892387+01:00" testType="13cdc9d9-ddb5-4fa4-a97d-d965ccfc6d4b" outcome="Passed" testListId="8c84fa94-04c1-424b-9868-57a2d4851a1d" relativeResultsDirectory="bdb21c49-9839-4486-adca-269318360d04" />
    <UnitTestResult executionId="a09663f9-3913-4686-94ca-d106de89c686" testId="38378815-8f39-cd15-23ad-cd5df39b280d" testName="BabylonArchiveCore.Tests.Session5ContentPipelineTests.MapObjectId_AllObjects_Match(jsonId: &quot;OBJ_GALLERY_OVERLOOK&quot;, expected: &quot;gallery_overlook&quot;)" computerName="STUFF-LAB" duration="00:00:00.0000044" startTime="2026-03-22T01:16:39.4176422+01:00" endTime="2026-03-22T01:16:39.4177718+01:00" testType="13cdc9d9-ddb5-4fa4-a97d-d965ccfc6d4b" outcome="Passed" testListId="8c84fa94-04c1-424b-9868-57a2d4851a1d" relativeResultsDirectory="a09663f9-3913-4686-94ca-d106de89c686" />
    <UnitTestResult executionId="4efc6330-e69c-4dc8-a3d9-bf8161813c24" testId="af756650-e390-1e7c-d4b4-adf12ba9a36e" testName="BabylonArchiveCore.Tests.DayThreeSceneTests.Rhythm_UsedObjectNotAvailableAgain" computerName="STUFF-LAB" duration="00:00:00.0025854" startTime="2026-03-22T01:16:39.1360912+01:00" endTime="2026-03-22T01:16:39.1386116+01:00" testType="13cdc9d9-ddb5-4fa4-a97d-d965ccfc6d4b" outcome="Passed" testListId="8c84fa94-04c1-424b-9868-57a2d4851a1d" relativeResultsDirectory="4efc6330-e69c-4dc8-a3d9-bf8161813c24" />
    <UnitTestResult executionId="811b1768-5015-414a-a178-b7981f37e1d6" testId="69326074-bbcf-7245-1260-7ec0d69654fc" testName="BabylonArchiveCore.Tests.Session4InteractivesTests.InteractiveType_HasFourValues" computerName="STUFF-LAB" duration="00:00:00.0065700" startTime="2026-03-22T01:16:39.4739315+01:00" endTime="2026-03-22T01:16:39.4798630+01:00" testType="13cdc9d9-ddb5-4fa4-a97d-d965ccfc6d4b" outcome="Passed" testListId="8c84fa94-04c1-424b-9868-57a2d4851a1d" relativeResultsDirectory="811b1768-5015-414a-a178-b7981f37e1d6" />
    <UnitTestResult executionId="68f897f7-e59d-4cf7-be70-50c6d11af0f4" testId="1a83ba82-2ccd-464c-ba1f-363db6622ea5" testName="BabylonArchiveCore.Tests.Session5ContentPipelineTests.A0ContentProvider_LoadScene_ReturnsCorrectScene" computerName="STUFF-LAB" duration="00:00:00.0731707" startTime="2026-03-22T01:16:39.5611104+01:00" endTime="2026-03-22T01:16:39.6544281+01:00" testType="13cdc9d9-ddb5-4fa4-a97d-d965ccfc6d4b" outcome="Passed" testListId="8c84fa94-04c1-424b-9868-57a2d4851a1d" relativeResultsDirectory="68f897f7-e59d-4cf7-be70-50c6d11af0f4" />
    <UnitTestResult executionId="d70b5538-0da0-4fdc-a4c7-4081837ec22e" testId="1186ee9e-1b69-dcfe-77bf-2108dde7a33b" testName="BabylonArchiveCore.Tests.DayFiveNarrativeTests.Tracker_NoEvidence_Unaware" computerName="STUFF-LAB" duration="00:00:00.0244310" startTime="2026-03-22T01:16:38.9826389+01:00" endTime="2026-03-22T01:16:39.0102975+01:00" testType="13cdc9d9-ddb5-4fa4-a97d-d965ccfc6d4b" outcome="Passed" testListId="8c84fa94-04c1-424b-9868-57a2d4851a1d" relativeResultsDirectory="d70b5538-0da0-4fdc-a4c7-4081837ec22e" />
    <UnitTestResult executionId="34491e87-5d6f-4f0a-ae9b-97c403396ce6" testId="d2304590-287e-f415-be68-92f5528f945a" testName="BabylonArchiveCore.Tests.Session5ContentPipelineTests.MapZoneId_AllZones_Match(jsonId: &quot;ZONE_MISSION_TERMINAL&quot;, expected: MissionTerminal)" computerName="STUFF-LAB" duration="00:00:00.0004226" startTime="2026-03-22T01:16:39.3508425+01:00" endTime="2026-03-22T01:16:39.3509473+01:00" testType="13cdc9d9-ddb5-4fa4-a97d-d965ccfc6d4b" outcome="Passed" testListId="8c84fa94-04c1-424b-9868-57a2d4851a1d" relativeResultsDirectory="34491e87-5d6f-4f0a-ae9b-97c403396ce6" />
    <UnitTestResult executionId="4d186b3d-344d-4b3b-95f2-e401ed8fca75" testId="97d5083a-b9b2-3d75-1d8c-49c49b79d1a9" testName="BabylonArchiveCore.Tests.DaySevenEconomyTests.Store_Purchase_InsufficientFunds_Fails" computerName="STUFF-LAB" duration="00:00:00.0004582" startTime="2026-03-22T01:16:39.5809189+01:00" endTime="2026-03-22T01:16:39.5810317+01:00" testType="13cdc9d9-ddb5-4fa4-a97d-d965ccfc6d4b" outcome="Passed" testListId="8c84fa94-04c1-424b-9868-57a2d4851a1d" relativeResultsDirectory="4d186b3d-344d-4b3b-95f2-e401ed8fca75" />
    <UnitTestResult executionId="760efb44-eabb-45a1-be9a-98d6c84828dc" testId="a26f39cf-e5c3-5c24-18c6-252ef26a3b46" testName="BabylonArchiveCore.Tests.Session5ContentPipelineTests.MapPhase_Unknown_Throws" computerName="STUFF-LAB" duration="00:00:00.0019616" startTime="2026-03-22T01:16:39.3495376+01:00" endTime="2026-03-22T01:16:39.3496690+01:00" testType="13cdc9d9-ddb5-4fa4-a97d-d965ccfc6d4b" outcome="Passed" testListId="8c84fa94-04c1-424b-9868-57a2d4851a1d" relativeResultsDirectory="760efb44-eabb-45a1-be9a-98d6c84828dc" />
[...]
    <TestEntry testId="efe7b24f-0cef-738f-7f92-e09675904857" executionId="cce0f113-8932-4714-ac0c-ce02aaed088e" testListId="8c84fa94-04c1-424b-9868-57a2d4851a1d" />
    <TestEntry testId="756c155c-168c-d42e-cb35-f894e11fc835" executionId="24c28d5e-22d0-4478-82e9-cbe8683bbc7e" testListId="8c84fa94-04c1-424b-9868-57a2d4851a1d" />
    <TestEntry testId="30dbb617-5dc3-1013-1e9e-005a60b7bbce" executionId="aef8cf41-2ddc-455c-a47a-650c9ce4a0a8" testListId="8c84fa94-04c1-424b-9868-57a2d4851a1d" />
    <TestEntry testId="18b7df95-f271-73a3-3e2f-38a90fa8e544" executionId="e494325d-999a-4e52-99d3-95b28308696c" testListId="8c84fa94-04c1-424b-9868-57a2d4851a1d" />
    <TestEntry testId="14e43ca9-ac1a-034c-a063-888f3bcc6760" executionId="49a71b74-4e35-4dbe-b655-c40505d99d6b" testListId="8c84fa94-04c1-424b-9868-57a2d4851a1d" />
    <TestEntry testId="9153968e-948d-4c1a-5ef8-c5ee53429679" executionId="a5147e77-e005-4b56-97c0-76ca790544ac" testListId="8c84fa94-04c1-424b-9868-57a2d4851a1d" />
    <TestEntry testId="d2e34f38-a4e4-3e65-5944-3054c4c22c18" executionId="e36bd3c7-c81d-48be-8f7e-4e4ef169274f" testListId="8c84fa94-04c1-424b-9868-57a2d4851a1d" />
    <TestEntry testId="1b19c607-6162-40ba-bbf7-59b580ee92f2" executionId="b84a743f-9492-4d05-a031-5ef421f1a17e" testListId="8c84fa94-04c1-424b-9868-57a2d4851a1d" />
    <TestEntry testId="d2fe95d6-b304-cf46-0182-914db4118d2c" executionId="30537311-9117-49b8-8cdc-2d8998b69ec0" testListId="8c84fa94-04c1-424b-9868-57a2d4851a1d" />
    <TestEntry testId="89d1492c-4bff-0b49-fe10-50917a44d252" executionId="9709c6db-c06c-4c8d-9bec-9674fcdceae7" testListId="8c84fa94-04c1-424b-9868-57a2d4851a1d" />
    <TestEntry testId="d7df4272-2d32-1031-5703-1818cbad0a6a" executionId="4d37ab34-d4a1-4e51-bf58-48394789e0de" testListId="8c84fa94-04c1-424b-9868-57a2d4851a1d" />
    <TestEntry testId="a4c20964-0275-e559-c46a-4640812b4c89" executionId="610e7772-60c5-4404-8660-28395e1722b2" testListId="8c84fa94-04c1-424b-9868-57a2d4851a1d" />
    <TestEntry testId="42d0ba93-9dab-2bc8-a1a7-4954b67780c4" executionId="ea82fc4c-4d36-441f-ae2e-9fdaa598cf5f" testListId="8c84fa94-04c1-424b-9868-57a2d4851a1d" />
    <TestEntry testId="c3705cfe-a0df-beaa-b4ed-bd7fcbdcecc9" executionId="eee80060-0a1a-446f-b1b4-55e73e0dfc70" testListId="8c84fa94-04c1-424b-9868-57a2d4851a1d" />
    <TestEntry testId="914f4da4-57db-2e80-5a7f-f0eb5720229d" executionId="386d4c12-82d1-44ac-9305-9ce1789010bd" testListId="8c84fa94-04c1-424b-9868-57a2d4851a1d" />
    <TestEntry testId="da6ac4c1-1a4c-c32d-730a-36c7c0911627" executionId="a62d2d6d-63c4-4fe7-a9f1-4d01634a53e1" testListId="8c84fa94-04c1-424b-9868-57a2d4851a1d" />
    <TestEntry testId="5684c93b-c556-93aa-1c78-139efef45d02" executionId="e7655071-4abe-4326-9e81-7dfa87f1e5a9" testListId="8c84fa94-04c1-424b-9868-57a2d4851a1d" />
    <TestEntry testId="b1d7a55b-0f6d-2289-f471-9860e3b3b13d" executionId="70957487-f937-41aa-a31f-7bfc9ae97cdb" testListId="8c84fa94-04c1-424b-9868-57a2d4851a1d" />
    <TestEntry testId="d63a3d65-5d39-4777-5013-69e3162fb26c" executionId="68d746d8-68f8-4b52-895b-19ecf42a6b19" testListId="8c84fa94-04c1-424b-9868-57a2d4851a1d" />
    <TestEntry testId="1fd3ea71-b530-ff46-c48d-761f928a25d2" executionId="b5f62867-97c2-4b3c-be2f-18a3b2cf30f6" testListId="8c84fa94-04c1-424b-9868-57a2d4851a1d" />
    <TestEntry testId="5815e2cc-2bc2-2baa-5ba2-e241e863a05f" executionId="dda43cfd-ffda-4317-a0a8-0187e7a77459" testListId="8c84fa94-04c1-424b-9868-57a2d4851a1d" />
    <TestEntry testId="40cb7f2e-ce23-19ef-becf-0b3aa183cfe8" executionId="c1ac3d51-6b0d-4f82-8a4d-08d5820cb900" testListId="8c84fa94-04c1-424b-9868-57a2d4851a1d" />
    <TestEntry testId="5a613ad2-0517-487b-d68b-a712622a9674" executionId="a21603aa-3045-4a5f-ab74-f707dc3ef5f5" testListId="8c84fa94-04c1-424b-9868-57a2d4851a1d" />
    <TestEntry testId="409387d9-d7fe-5525-c5d7-1dbe8f1a58ca" executionId="e971202d-da9a-44f5-9f38-8f83ed4d2a0f" testListId="8c84fa94-04c1-424b-9868-57a2d4851a1d" />
    <TestEntry testId="d84e2588-81a2-1dd4-93ff-5968a820ef5c" executionId="f8c006a3-dcc8-4d0d-9564-d4491bb3878e" testListId="8c84fa94-04c1-424b-9868-57a2d4851a1d" />
    <TestEntry testId="c3d56071-b27e-8a6d-9375-4676e99b5299" executionId="f3418ed2-c3c0-43b3-a27c-783baeb9bbf3" testListId="8c84fa94-04c1-424b-9868-57a2d4851a1d" />
    <TestEntry testId="b8d61458-c98e-300d-63aa-89d027f705a5" executionId="3a98641e-28d3-4f8b-a653-b66f466539bc" testListId="8c84fa94-04c1-424b-9868-57a2d4851a1d" />
    <TestEntry testId="beb81854-983f-fc38-daf7-16eb58bda291" executionId="126c103b-d755-4d25-90dc-e689af42dfad" testListId="8c84fa94-04c1-424b-9868-57a2d4851a1d" />
    <TestEntry testId="48b0f7f5-a97c-4ee7-a506-d03c4c8506de" executionId="40f09241-fe20-41e6-9e98-067642aac9fc" testListId="8c84fa94-04c1-424b-9868-57a2d4851a1d" />
    <TestEntry testId="e6cfe377-6cb2-0116-fa3b-f7f29f1693f1" executionId="5a0817ab-80be-4e4e-8864-ef9634d61a91" testListId="8c84fa94-04c1-424b-9868-57a2d4851a1d" />
    <TestEntry testId="03c35074-b12e-2ce6-21a2-08c1b8923426" executionId="fd817ffc-5dc4-478f-8cf1-f60a63a11ad9" testListId="8c84fa94-04c1-424b-9868-57a2d4851a1d" />
    <TestEntry testId="cca8d12c-b1c2-0d79-5e64-c89540ff51ab" executionId="de2881c1-9332-446c-af0f-68fbc87236da" testListId="8c84fa94-04c1-424b-9868-57a2d4851a1d" />
    <TestEntry testId="6790bfe5-7bb4-d4d8-8d01-b6bf74066537" executionId="2d397899-aba2-41ee-93ba-bc4028891fb4" testListId="8c84fa94-04c1-424b-9868-57a2d4851a1d" />
    <TestEntry testId="4adc9be8-f1f5-5ce7-e1bd-042cfb3d807d" executionId="ff9b602b-ca56-4bce-8022-9a601de2acd6" testListId="8c84fa94-04c1-424b-9868-57a2d4851a1d" />
    <TestEntry testId="b4a145a5-765a-1bac-6c76-4d785ba5b754" executionId="408c5f3b-4645-4439-b5e3-5412333f7138" testListId="8c84fa94-04c1-424b-9868-57a2d4851a1d" />
    <TestEntry testId="ffc72b06-7b3c-0200-c932-d119c97bbb93" executionId="228f74c6-9ca1-4e0a-98c9-580fdb0304c9" testListId="8c84fa94-04c1-424b-9868-57a2d4851a1d" />
    <TestEntry testId="a8a5e78f-5b24-40ec-6653-1cd0e4392d8d" executionId="162cd96d-4345-4563-975e-cb674ee38f66" testListId="8c84fa94-04c1-424b-9868-57a2d4851a1d" />
    <TestEntry testId="ac721a08-bcb1-aa84-93fe-83bd8dceb34c" executionId="61e2370b-88a7-4f6e-a2bd-9f92f4d5571d" testListId="8c84fa94-04c1-424b-9868-57a2d4851a1d" />
    <TestEntry testId="4ec997e8-f87d-76fd-d66b-48515b9afc02" executionId="f9354af7-aab0-41e7-b617-4388cfd7cb6a" testListId="8c84fa94-04c1-424b-9868-57a2d4851a1d" />
    <TestEntry testId="1df2eb15-66eb-be73-9d6a-e2a6475bd3fe" executionId="b79bffd6-afbb-4b69-b699-ceb6d467d3a0" testListId="8c84fa94-04c1-424b-9868-57a2d4851a1d" />
    <TestEntry testId="cb26d1ed-714d-6e87-7214-4ea5b72c70e1" executionId="d2a6368a-be63-471f-bade-64f33a8cc91f" testListId="8c84fa94-04c1-424b-9868-57a2d4851a1d" />
    <TestEntry testId="f432e1d7-9d7c-8eda-c345-ef3bb55f7174" executionId="265bc27d-9fb6-4a88-8a35-e679a4c3a09f" testListId="8c84fa94-04c1-424b-9868-57a2d4851a1d" />
    <TestEntry testId="7916981f-cc54-ba2e-dc14-24e12b27264c" executionId="1bfe41f2-dac3-4bd5-b1bc-c53b753a69df" testListId="8c84fa94-04c1-424b-9868-57a2d4851a1d" />
    <TestEntry testId="d2d6bf88-dc48-fa93-30a4-0966bc51d512" executionId="88b6bd11-671d-45f0-95cf-468af110b76c" testListId="8c84fa94-04c1-424b-9868-57a2d4851a1d" />
    <TestEntry testId="86523b73-a702-bc81-e740-621ac369ee5c" executionId="f300ac06-d530-421d-b03d-10066e57632a" testListId="8c84fa94-04c1-424b-9868-57a2d4851a1d" />
    <TestEntry testId="6b239235-ff76-6d56-73c8-d17b697656dd" executionId="01ec04c0-45f4-42ef-a230-f2d4425520b8" testListId="8c84fa94-04c1-424b-9868-57a2d4851a1d" />
    <TestEntry testId="b5224d6b-c531-5d1b-c4fe-3b98ae466a46" executionId="aa721e98-b7b5-47d9-bf3d-5cb633fb802f" testListId="8c84fa94-04c1-424b-9868-57a2d4851a1d" />
    <TestEntry testId="c7e93c2c-b464-736a-e110-eae94ecd7a46" executionId="88134b78-c076-4006-82eb-9ea28ac7d488" testListId="8c84fa94-04c1-424b-9868-57a2d4851a1d" />
    <TestEntry testId="e9483c45-0d0c-4053-81f2-43cde2947653" executionId="9f3197bb-617b-4a37-a3e2-1eabec85d3b4" testListId="8c84fa94-04c1-424b-9868-57a2d4851a1d" />
    <TestEntry testId="69f0cfc2-18a0-9790-7d9f-37104fbef7ce" executionId="e48f1292-6317-4301-ae69-c371994d7fb7" testListId="8c84fa94-04c1-424b-9868-57a2d4851a1d" />
    <TestEntry testId="e6a0e9e6-9b67-a523-05f5-e3d28da395fa" executionId="9c94f02f-a432-4bfc-92d7-2a8388a6afc2" testListId="8c84fa94-04c1-424b-9868-57a2d4851a1d" />
    <TestEntry testId="3056e848-01bf-9f59-18ae-f05818a1d663" executionId="eca40996-4905-40cb-9726-11ad9772aa86" testListId="8c84fa94-04c1-424b-9868-57a2d4851a1d" />
    <TestEntry testId="baa3cf5a-2575-da8e-50a4-e202186d6ffe" executionId="43f66ff9-de5a-49b6-9ab1-f83b25b971f8" testListId="8c84fa94-04c1-424b-9868-57a2d4851a1d" />
    <TestEntry testId="c0f946cb-991f-07e4-7aea-727114dd9dc6" executionId="15a287d3-87d7-4efe-ac38-f1b1db55b494" testListId="8c84fa94-04c1-424b-9868-57a2d4851a1d" />
    <TestEntry testId="d71f2b3c-55c1-d954-2a2f-1d70fcf1c653" executionId="45823ae2-39d0-4c24-a21f-9666a8185325" testListId="8c84fa94-04c1-424b-9868-57a2d4851a1d" />
    <TestEntry testId="7a26c4a8-f436-eda6-5f9f-90ba0dc35ab1" executionId="b0bb75dc-04be-4f09-87e0-5afa538dfcf0" testListId="8c84fa94-04c1-424b-9868-57a2d4851a1d" />
    <TestEntry testId="bf7b22ff-40e8-88d0-eaae-08a9de767cf8" executionId="c469b429-c4fc-488d-a0ba-2ac7d38c3e37" testListId="8c84fa94-04c1-424b-9868-57a2d4851a1d" />
    <TestEntry testId="d3076d11-b4bf-fc68-4ea5-b5c9849452f4" executionId="e9afa99a-3291-45a6-a5c4-f2a8287c3614" testListId="8c84fa94-04c1-424b-9868-57a2d4851a1d" />
    <TestEntry testId="56a89fed-5e40-bea7-2262-c1e00cbc1957" executionId="8b4c8713-e614-475c-b1a4-33f89c4d9f1f" testListId="8c84fa94-04c1-424b-9868-57a2d4851a1d" />
    <TestEntry testId="4757ec4e-81fe-452d-3052-c3e678047884" executionId="34697290-ff36-442c-9a20-eb50465f8d15" testListId="8c84fa94-04c1-424b-9868-57a2d4851a1d" />
    <TestEntry testId="d62dd8e1-cd17-fb8d-d379-4935ff30f0b8" executionId="d1403d9c-8b08-444a-8775-6551482d4a7c" testListId="8c84fa94-04c1-424b-9868-57a2d4851a1d" />
    <TestEntry testId="3efdb4d7-9e09-55c7-ecb8-3d2376e68960" executionId="2b6db190-3eb6-4e1d-9ebb-cd3d17f57752" testListId="8c84fa94-04c1-424b-9868-57a2d4851a1d" />
    <TestEntry testId="fcab553d-1155-cc00-bf63-1d5d581b3e1b" executionId="2fc0a8a4-358a-4f48-9b07-aab2e0185aea" testListId="8c84fa94-04c1-424b-9868-57a2d4851a1d" />
    <TestEntry testId="8b0f3325-1e41-dc9b-cfec-ee7c3236ab6e" executionId="8b320612-9446-4906-bbf1-977d0a2eaf2f" testListId="8c84fa94-04c1-424b-9868-57a2d4851a1d" />
    <TestEntry testId="b244382d-34cd-52d4-7da2-5f440c917f44" executionId="d889b1bb-5ff1-4ddb-afee-49a3d9d1e757" testListId="8c84fa94-04c1-424b-9868-57a2d4851a1d" />
    <TestEntry testId="84800b1c-0a48-b125-57be-296173a595c2" executionId="b1247164-2286-4a3d-a5a8-7b11aee23e7f" testListId="8c84fa94-04c1-424b-9868-57a2d4851a1d" />
    <TestEntry testId="b33c08f1-5b3c-3e8c-fea2-07496367415f" executionId="776371c2-0423-4786-8f33-138019281710" testListId="8c84fa94-04c1-424b-9868-57a2d4851a1d" />
    <TestEntry testId="90ff4ea0-3c1f-78ac-1879-64cf1b937ccf" executionId="8c2e8c0a-ad56-43aa-a6c8-fc895295bc1e" testListId="8c84fa94-04c1-424b-9868-57a2d4851a1d" />
    <TestEntry testId="644b4bbe-ded8-cbd5-ba0b-b8f631d885b7" executionId="cba29ea9-e9c2-46a6-b7a9-8affad74d0cd" testListId="8c84fa94-04c1-424b-9868-57a2d4851a1d" />
    <TestEntry testId="801eced8-bde4-df75-f2c0-767dbe15163e" executionId="de24409d-0a22-4c12-8c7a-ee3698ea22b3" testListId="8c84fa94-04c1-424b-9868-57a2d4851a1d" />
    <TestEntry testId="68bb412c-80cb-8c04-dd52-18e5eae70c62" executionId="ee1745b3-0463-4b55-a6ee-a2d550eb32c0" testListId="8c84fa94-04c1-424b-9868-57a2d4851a1d" />
    <TestEntry testId="59dc2929-1e12-46c5-bd90-2edcd0882084" executionId="41c00676-1122-4a28-acc1-5ec3915d5269" testListId="8c84fa94-04c1-424b-9868-57a2d4851a1d" />
    <TestEntry testId="ff24ce76-826f-c500-3347-7e466d827878" executionId="82444ac6-1adf-4794-83a3-8c0af1604d0f" testListId="8c84fa94-04c1-424b-9868-57a2d4851a1d" />
    <TestEntry testId="577505c5-02de-69b2-1ad3-1cdba6b6d67e" executionId="06ac27a8-2cde-4eea-8492-2221185a68ea" testListId="8c84fa94-04c1-424b-9868-57a2d4851a1d" />
    <TestEntry testId="531a8f75-58af-40ac-18ad-bf789df60111" executionId="7426e6cb-0727-4ebd-9cee-2677ab4e9872" testListId="8c84fa94-04c1-424b-9868-57a2d4851a1d" />
    <TestEntry testId="04394897-9b77-27cb-09ae-5aaede7a1d5f" executionId="a09b1759-c1e6-41b6-9e61-7412f4fe4351" testListId="8c84fa94-04c1-424b-9868-57a2d4851a1d" />
    <TestEntry testId="ee2c7eb9-4309-08eb-2c27-dfe8522e9f0e" executionId="14276f8e-9c41-444f-81ab-b66e51179e58" testListId="8c84fa94-04c1-424b-9868-57a2d4851a1d" />
    <TestEntry testId="f0c2f22e-820e-52d6-63ab-0bfb9bcbce65" executionId="85797513-88e6-4c3f-a92c-81117b7e127a" testListId="8c84fa94-04c1-424b-9868-57a2d4851a1d" />
    <TestEntry testId="c9799663-d972-afe3-406d-896af1e6d164" executionId="a7aa2205-cfcf-4e48-9726-7457a824e666" testListId="8c84fa94-04c1-424b-9868-57a2d4851a1d" />
    <TestEntry testId="c9d68270-e017-f322-ec1a-009adf2cfe6e" executionId="b18a8e03-d323-4b62-b1d2-85b89f7f81c9" testListId="8c84fa94-04c1-424b-9868-57a2d4851a1d" />
    <TestEntry testId="b0669003-6072-77d0-ebc8-e7e5b91fd4a3" executionId="c0124d5a-d9b4-4dfb-8dfc-05337e7da8eb" testListId="8c84fa94-04c1-424b-9868-57a2d4851a1d" />
    <TestEntry testId="b6f6e0f1-0e3c-92de-c65b-8019b8123dea" executionId="33f13ab9-c32a-4d54-a8df-2af506699428" testListId="8c84fa94-04c1-424b-9868-57a2d4851a1d" />
    <TestEntry testId="adf3ee3b-783b-8891-2c5e-628c0dd9f8e2" executionId="ac20e4eb-4ae2-460d-898b-c01e716fef9f" testListId="8c84fa94-04c1-424b-9868-57a2d4851a1d" />
    <TestEntry testId="bb61d7b1-29a2-b237-643d-fe93f4f65d1d" executionId="ab183cce-fc84-4f0a-b969-8bf67222a5c2" testListId="8c84fa94-04c1-424b-9868-57a2d4851a1d" />
    <TestEntry testId="d87fbcc1-864e-0b82-21f6-4ae7f557244f" executionId="25619498-46b3-40c1-a369-38a66f0b1cdb" testListId="8c84fa94-04c1-424b-9868-57a2d4851a1d" />
    <TestEntry testId="7c3a2e51-51a6-ccde-5c8f-3cddd730a065" executionId="98b634ca-4e94-404c-9518-e4402c0df6cd" testListId="8c84fa94-04c1-424b-9868-57a2d4851a1d" />
    <TestEntry testId="dfebb700-aa72-469d-01bd-41081cad2942" executionId="027f541d-e5a1-4b6c-ac19-55e7e26b3f0f" testListId="8c84fa94-04c1-424b-9868-57a2d4851a1d" />
    <TestEntry testId="f2a2e2a4-b226-8366-ac2c-3630d5d854e3" executionId="7054f2f0-6a5b-4b00-8c82-5ae87c92bfa6" testListId="8c84fa94-04c1-424b-9868-57a2d4851a1d" />
    <TestEntry testId="5708cfec-c670-58cf-a749-7986f6632c29" executionId="8003fd8b-e576-4139-b5c3-7204f7c21e8b" testListId="8c84fa94-04c1-424b-9868-57a2d4851a1d" />
    <TestEntry testId="e2344976-14ac-d888-d71e-3fe31468c289" executionId="18ec2522-4950-4630-bd1e-6bd38cf0841a" testListId="8c84fa94-04c1-424b-9868-57a2d4851a1d" />
    <TestEntry testId="ba38fd12-03f0-6a5f-1da5-fe9792a50d21" executionId="d14d5f44-a921-49e0-bba3-d50dd43db42e" testListId="8c84fa94-04c1-424b-9868-57a2d4851a1d" />
    <TestEntry testId="dca6e3e4-01b9-58d4-524f-fc57847939b2" executionId="e0195bf5-5e81-4d8e-9dbb-55ac658ebf40" testListId="8c84fa94-04c1-424b-9868-57a2d4851a1d" />
    <TestEntry testId="572cc231-8c17-88ea-7770-bd07c112890f" executionId="79734a92-2aee-454a-b992-b790d345844b" testListId="8c84fa94-04c1-424b-9868-57a2d4851a1d" />
    <TestEntry testId="4be39ef8-3001-fe30-4d89-3f6c6bdce55d" executionId="fad07f1c-66f6-442b-ad2e-3075ea96fcb5" testListId="8c84fa94-04c1-424b-9868-57a2d4851a1d" />
    <TestEntry testId="7b26724d-618a-45da-11b6-c35b78f43e8a" executionId="ff0631b1-175f-4c3b-96c4-f53963b03ea8" testListId="8c84fa94-04c1-424b-9868-57a2d4851a1d" />
    <TestEntry testId="38d5b61a-7fb0-a994-8948-fcc483acdd49" executionId="38bbeec4-af6d-448a-9a1d-595c0f2aca37" testListId="8c84fa94-04c1-424b-9868-57a2d4851a1d" />
    <TestEntry testId="f3a537fc-efbe-8c9d-8491-d406f7871d6c" executionId="7b23a1c8-1a91-4e73-bebf-9af7bf739d13" testListId="8c84fa94-04c1-424b-9868-57a2d4851a1d" />
    <TestEntry testId="1acce08e-8562-1462-f0d3-288b44d5ddc3" executionId="1e9fa67e-0514-4b9e-ad1a-26e3b52a59a2" testListId="8c84fa94-04c1-424b-9868-57a2d4851a1d" />
    <TestEntry testId="9dc0c424-1ae4-15e6-c75a-36ad69a8af61" executionId="e8aae9c6-1e66-421a-951a-9003cb8f48a0" testListId="8c84fa94-04c1-424b-9868-57a2d4851a1d" />
    <TestEntry testId="6d9cb9fb-f591-76fc-6444-40072db34a55" executionId="0c7d951c-4aad-46ab-ae64-d030d8104d86" testListId="8c84fa94-04c1-424b-9868-57a2d4851a1d" />
    <TestEntry testId="92a053aa-ce69-6c8a-928e-57771bf5bcaa" executionId="478c50c6-34b8-4be1-8472-a547c5a9ea5b" testListId="8c84fa94-04c1-424b-9868-57a2d4851a1d" />
    <TestEntry testId="19fe83d5-9580-49cf-9c1a-07ad8854c92b" executionId="61d2ddd1-376f-4c34-9d63-74addb7bdc54" testListId="8c84fa94-04c1-424b-9868-57a2d4851a1d" />
    <TestEntry testId="7bc3bc6d-83ed-3682-db61-155e7112613a" executionId="12e04686-7146-4df3-a5d1-98206df808df" testListId="8c84fa94-04c1-424b-9868-57a2d4851a1d" />
    <TestEntry testId="e8f3e7fe-7e32-c2e0-e349-bb312396d041" executionId="e20fca06-c56c-48b0-9645-e9728732804d" testListId="8c84fa94-04c1-424b-9868-57a2d4851a1d" />
    <TestEntry testId="6a0cae10-006b-164c-e1c2-980a60c0ddc3" executionId="bf706973-10b6-458d-8a19-e4b1bba6cbdd" testListId="8c84fa94-04c1-424b-9868-57a2d4851a1d" />
    <TestEntry testId="0f96edac-9d6f-124b-4dfb-fdaeb200b5c4" executionId="5f26542f-5552-4e8f-8d84-d16fbccb1054" testListId="8c84fa94-04c1-424b-9868-57a2d4851a1d" />
    <TestEntry testId="cc355c19-6fd5-87ce-9ccc-75f3c93d3048" executionId="bda6f293-4266-478c-95d1-a9f9ac45b7f6" testListId="8c84fa94-04c1-424b-9868-57a2d4851a1d" />
    <TestEntry testId="02b05b55-5baa-4d95-7b3a-919479e3be2c" executionId="5f07426d-c521-414e-8ffa-73caad7dd193" testListId="8c84fa94-04c1-424b-9868-57a2d4851a1d" />
    <TestEntry testId="adc4d05c-f402-4883-24c2-d290dfd93dc2" executionId="c0a5c708-9444-403a-84f8-29f9bfee0f47" testListId="8c84fa94-04c1-424b-9868-57a2d4851a1d" />
    <TestEntry testId="89cb07f1-8152-25d6-1d6a-4883eb648764" executionId="2a68f63d-2c9f-4b54-bc8a-7fb10b0acff9" testListId="8c84fa94-04c1-424b-9868-57a2d4851a1d" />
    <TestEntry testId="dcbd1409-6bae-45f0-65f6-8741cce4c498" executionId="b02e5586-020f-4585-ae58-8113ced95486" testListId="8c84fa94-04c1-424b-9868-57a2d4851a1d" />
    <TestEntry testId="66b89c8b-6b52-8859-282f-805dd8a012e3" executionId="4052703e-563e-472c-be6a-b32982243c5e" testListId="8c84fa94-04c1-424b-9868-57a2d4851a1d" />
    <TestEntry testId="f067e1d8-02fd-d900-414e-2ed600f5e625" executionId="ceb00f89-559c-43ac-b0bb-9c70be177876" testListId="8c84fa94-04c1-424b-9868-57a2d4851a1d" />
    <TestEntry testId="c34d055a-f524-111c-ba30-b943ad14b40c" executionId="cabdb234-a4b0-4f43-80b6-bd9e8ce104ed" testListId="8c84fa94-04c1-424b-9868-57a2d4851a1d" />
    <TestEntry testId="f6beea8b-495b-f8c5-7561-68c078170efc" executionId="f4cc263b-1fcc-473b-b308-d48e0159d8a4" testListId="8c84fa94-04c1-424b-9868-57a2d4851a1d" />
  </TestEntries>
  <TestLists>
    <TestList name="Список результатов" id="8c84fa94-04c1-424b-9868-57a2d4851a1d" />
    <TestList name="Все загруженные результаты" id="19431567-8539-422a-85d7-44ee4e166bda" />
  </TestLists>
  <ResultSummary outcome="Completed">
    <Counters total="419" executed="419" passed="419" failed="0" error="0" timeout="0" aborted="0" inconclusive="0" passedButRunAborted="0" notRunnable="0" notExecuted="0" disconnected="0" warning="0" completed="0" inProgress="0" pending="0" />
    <Output>
      <StdOut>[xUnit.net 00:00:00.00] xUnit.net VSTest Adapter v3.1.4+50e68bbb8b (64-bit .NET 10.0.2)&#xD;
[xUnit.net 00:00:00.24]   Discovering: BabylonArchiveCore.Tests&#xD;
[xUnit.net 00:00:00.47]   Discovered:  BabylonArchiveCore.Tests&#xD;
[xUnit.net 00:00:00.67]   Starting:    BabylonArchiveCore.Tests&#xD;
[xUnit.net 00:00:01.71]   Finished:    BabylonArchiveCore.Tests&#xD;
</StdOut>
    </Output>
  </ResultSummary>
</TestRun>